TN:
SF:src\app.module.ts
FNF:0
FNH:0
DA:1,0
DA:2,0
DA:3,0
DA:4,0
DA:6,0
DA:7,0
DA:8,0
DA:9,0
DA:10,0
DA:11,0
DA:12,0
DA:13,0
DA:14,0
DA:42,0
LF:14
LH:0
BRDA:27,0,0,0
BRDA:27,0,1,0
BRF:2
BRH:0
end_of_record
TN:
SF:src\index.ts
FN:17,(anonymous_4)
FNF:1
FNH:0
FNDA:0,(anonymous_4)
DA:2,0
DA:3,0
DA:6,0
DA:7,0
DA:8,0
DA:11,0
DA:12,0
DA:13,0
DA:16,0
DA:17,0
DA:18,0
DA:21,0
DA:22,0
DA:23,0
DA:26,0
DA:27,0
DA:28,0
DA:31,0
DA:32,0
DA:33,0
DA:34,0
DA:35,0
DA:36,0
DA:39,0
DA:40,0
DA:41,0
DA:42,0
LF:27
LH:0
BRF:0
BRH:0
end_of_record
TN:
SF:src\main.ts
FN:4,bootstrap
FNF:1
FNH:0
FNDA:0,bootstrap
DA:1,0
DA:2,0
DA:5,0
DA:7,0
DA:8,0
DA:10,0
DA:11,0
DA:12,0
DA:15,0
LF:9
LH:0
BRDA:10,0,0,0
BRDA:10,0,1,0
BRF:2
BRH:0
end_of_record
TN:
SF:src\ai\ai-recommendation.service.ts
FN:31,(anonymous_1)
FN:34,(anonymous_2)
FN:50,(anonymous_3)
FN:57,(anonymous_4)
FN:90,(anonymous_5)
FN:94,(anonymous_6)
FN:100,(anonymous_7)
FN:108,(anonymous_8)
FN:114,(anonymous_9)
FN:115,(anonymous_10)
FN:116,(anonymous_11)
FN:128,(anonymous_12)
FN:132,(anonymous_13)
FN:138,(anonymous_14)
FN:152,(anonymous_15)
FN:158,(anonymous_16)
FN:162,(anonymous_17)
FN:168,(anonymous_18)
FN:184,(anonymous_19)
FN:185,(anonymous_20)
FN:188,(anonymous_21)
FN:190,(anonymous_22)
FN:202,(anonymous_23)
FN:209,(anonymous_24)
FN:228,(anonymous_25)
FN:287,(anonymous_26)
FN:308,(anonymous_27)
FN:344,(anonymous_28)
FN:383,(anonymous_29)
FN:425,(anonymous_30)
FN:435,(anonymous_31)
FN:441,(anonymous_32)
FN:442,(anonymous_33)
FN:443,(anonymous_34)
FN:444,(anonymous_35)
FN:445,(anonymous_36)
FN:468,(anonymous_37)
FN:491,(anonymous_38)
FN:513,(anonymous_39)
FN:574,(anonymous_40)
FN:579,(anonymous_41)
FN:613,(anonymous_42)
FN:618,(anonymous_43)
FN:620,(anonymous_44)
FN:621,(anonymous_45)
FN:637,(anonymous_46)
FN:662,(anonymous_47)
FN:668,(anonymous_48)
FN:671,(anonymous_49)
FN:692,(anonymous_50)
FN:711,(anonymous_51)
FN:731,(anonymous_52)
FN:752,(anonymous_53)
FN:762,(anonymous_54)
FN:772,(anonymous_55)
FN:779,(anonymous_56)
FN:788,(anonymous_57)
FN:791,(anonymous_58)
FNF:58
FNH:0
FNDA:0,(anonymous_1)
FNDA:0,(anonymous_2)
FNDA:0,(anonymous_3)
FNDA:0,(anonymous_4)
FNDA:0,(anonymous_5)
FNDA:0,(anonymous_6)
FNDA:0,(anonymous_7)
FNDA:0,(anonymous_8)
FNDA:0,(anonymous_9)
FNDA:0,(anonymous_10)
FNDA:0,(anonymous_11)
FNDA:0,(anonymous_12)
FNDA:0,(anonymous_13)
FNDA:0,(anonymous_14)
FNDA:0,(anonymous_15)
FNDA:0,(anonymous_16)
FNDA:0,(anonymous_17)
FNDA:0,(anonymous_18)
FNDA:0,(anonymous_19)
FNDA:0,(anonymous_20)
FNDA:0,(anonymous_21)
FNDA:0,(anonymous_22)
FNDA:0,(anonymous_23)
FNDA:0,(anonymous_24)
FNDA:0,(anonymous_25)
FNDA:0,(anonymous_26)
FNDA:0,(anonymous_27)
FNDA:0,(anonymous_28)
FNDA:0,(anonymous_29)
FNDA:0,(anonymous_30)
FNDA:0,(anonymous_31)
FNDA:0,(anonymous_32)
FNDA:0,(anonymous_33)
FNDA:0,(anonymous_34)
FNDA:0,(anonymous_35)
FNDA:0,(anonymous_36)
FNDA:0,(anonymous_37)
FNDA:0,(anonymous_38)
FNDA:0,(anonymous_39)
FNDA:0,(anonymous_40)
FNDA:0,(anonymous_41)
FNDA:0,(anonymous_42)
FNDA:0,(anonymous_43)
FNDA:0,(anonymous_44)
FNDA:0,(anonymous_45)
FNDA:0,(anonymous_46)
FNDA:0,(anonymous_47)
FNDA:0,(anonymous_48)
FNDA:0,(anonymous_49)
FNDA:0,(anonymous_50)
FNDA:0,(anonymous_51)
FNDA:0,(anonymous_52)
FNDA:0,(anonymous_53)
FNDA:0,(anonymous_54)
FNDA:0,(anonymous_55)
FNDA:0,(anonymous_56)
FNDA:0,(anonymous_57)
FNDA:0,(anonymous_58)
DA:1,2
DA:31,2
DA:32,0
DA:35,0
DA:37,0
DA:40,0
DA:50,0
DA:52,0
DA:53,0
DA:58,0
DA:59,0
DA:60,0
DA:63,0
DA:66,0
DA:69,0
DA:72,0
DA:74,0
DA:91,0
DA:92,0
DA:94,0
DA:95,0
DA:96,0
DA:98,0
DA:100,0
DA:101,0
DA:106,0
DA:107,0
DA:108,0
DA:109,0
DA:113,0
DA:114,0
DA:115,0
DA:116,0
DA:118,0
DA:129,0
DA:132,0
DA:138,0
DA:139,0
DA:140,0
DA:142,0
DA:153,0
DA:154,0
DA:155,0
DA:159,0
DA:162,0
DA:163,0
DA:168,0
DA:169,0
DA:170,0
DA:171,0
DA:172,0
DA:174,0
DA:184,0
DA:185,0
DA:188,0
DA:189,0
DA:190,0
DA:193,0
DA:203,0
DA:204,0
DA:205,0
DA:208,0
DA:209,0
DA:211,0
DA:212,0
DA:215,0
DA:216,0
DA:219,0
DA:229,0
DA:230,0
DA:231,0
DA:233,0
DA:234,0
DA:249,0
DA:250,0
DA:265,0
DA:266,0
DA:267,0
DA:268,0
DA:284,0
DA:288,0
DA:289,0
DA:291,0
DA:292,0
DA:308,0
DA:309,0
DA:310,0
DA:311,0
DA:324,0
DA:325,0
DA:341,0
DA:345,0
DA:346,0
DA:348,0
DA:349,0
DA:364,0
DA:365,0
DA:380,0
DA:384,0
DA:385,0
DA:387,0
DA:388,0
DA:403,0
DA:404,0
DA:419,0
DA:430,0
DA:431,0
DA:435,0
DA:436,0
DA:439,0
DA:441,0
DA:442,0
DA:443,0
DA:444,0
DA:445,0
DA:448,0
DA:449,0
DA:450,0
DA:467,0
DA:468,0
DA:469,0
DA:470,0
DA:471,0
DA:472,0
DA:490,0
DA:491,0
DA:492,0
DA:493,0
DA:494,0
DA:512,0
DA:513,0
DA:514,0
DA:515,0
DA:516,0
DA:534,0
DA:535,0
DA:536,0
DA:553,0
DA:554,0
DA:555,0
DA:571,0
DA:575,0
DA:576,0
DA:580,0
DA:614,0
DA:615,0
DA:616,0
DA:618,0
DA:619,0
DA:620,0
DA:621,0
DA:622,0
DA:625,0
DA:626,0
DA:631,0
DA:638,0
DA:639,0
DA:642,0
DA:643,0
DA:658,0
DA:662,0
DA:663,0
DA:664,0
DA:668,0
DA:669,0
DA:671,0
DA:672,0
DA:673,0
DA:674,0
DA:678,0
DA:679,0
DA:692,0
DA:697,0
DA:698,0
DA:711,0
DA:716,0
DA:717,0
DA:718,0
DA:731,0
DA:737,0
DA:738,0
DA:739,0
DA:752,0
DA:756,0
DA:763,0
DA:764,0
DA:765,0
DA:769,0
DA:773,0
DA:774,0
DA:775,0
DA:776,0
DA:780,0
DA:781,0
DA:782,0
DA:789,0
DA:791,0
DA:793,0
DA:795,0
DA:796,0
DA:797,0
DA:798,0
DA:800,0
DA:804,0
LF:204
LH:2
BRDA:46,0,0,0
BRDA:46,0,1,0
BRDA:46,1,0,0
BRDA:46,1,1,0
BRDA:58,2,0,0
BRDA:58,2,1,0
BRDA:59,3,0,0
BRDA:59,3,1,0
BRDA:82,4,0,0
BRDA:82,4,1,0
BRDA:83,5,0,0
BRDA:83,5,1,0
BRDA:84,6,0,0
BRDA:84,6,1,0
BRDA:85,7,0,0
BRDA:85,7,1,0
BRDA:86,8,0,0
BRDA:86,8,1,0
BRDA:96,9,0,0
BRDA:96,9,1,0
BRDA:101,10,0,0
BRDA:101,10,1,0
BRDA:109,11,0,0
BRDA:109,11,1,0
BRDA:114,12,0,0
BRDA:114,12,1,0
BRDA:124,13,0,0
BRDA:124,13,1,0
BRDA:129,14,0,0
BRDA:129,14,1,0
BRDA:140,15,0,0
BRDA:140,15,1,0
BRDA:153,16,0,0
BRDA:154,17,0,0
BRDA:163,18,0,0
BRDA:163,18,1,0
BRDA:163,18,2,0
BRDA:172,19,0,0
BRDA:172,19,1,0
BRDA:189,20,0,0
BRDA:189,20,1,0
BRDA:198,21,0,0
BRDA:198,21,1,0
BRDA:205,22,0,0
BRDA:205,22,1,0
BRDA:209,23,0,0
BRDA:209,23,1,0
BRDA:211,24,0,0
BRDA:215,25,0,0
BRDA:231,26,0,0
BRDA:231,26,1,0
BRDA:233,27,0,0
BRDA:249,28,0,0
BRDA:265,29,0,0
BRDA:265,30,0,0
BRDA:265,30,1,0
BRDA:266,31,0,0
BRDA:266,31,1,0
BRDA:267,32,0,0
BRDA:291,33,0,0
BRDA:310,34,0,0
BRDA:310,34,1,0
BRDA:324,35,0,0
BRDA:324,36,0,0
BRDA:324,36,1,0
BRDA:348,37,0,0
BRDA:364,38,0,0
BRDA:364,39,0,0
BRDA:364,39,1,0
BRDA:387,40,0,0
BRDA:403,41,0,0
BRDA:431,42,0,0
BRDA:431,43,0,0
BRDA:431,43,1,0
BRDA:436,44,0,0
BRDA:436,44,1,0
BRDA:439,45,0,0
BRDA:448,46,0,0
BRDA:467,47,0,0
BRDA:468,48,0,0
BRDA:468,48,1,0
BRDA:469,49,0,0
BRDA:490,50,0,0
BRDA:491,51,0,0
BRDA:491,51,1,0
BRDA:492,52,0,0
BRDA:512,53,0,0
BRDA:513,54,0,0
BRDA:513,54,1,0
BRDA:514,55,0,0
BRDA:534,56,0,0
BRDA:553,57,0,0
BRDA:576,58,0,0
BRDA:576,58,1,0
BRDA:615,59,0,0
BRDA:615,59,1,0
BRDA:616,60,0,0
BRDA:616,60,1,0
BRDA:619,61,0,0
BRDA:619,62,0,0
BRDA:619,62,1,0
BRDA:622,63,0,0
BRDA:622,63,1,0
BRDA:622,63,2,0
BRDA:639,64,0,0
BRDA:639,64,1,0
BRDA:639,64,2,0
BRDA:639,65,0,0
BRDA:639,65,1,0
BRDA:639,66,0,0
BRDA:639,66,1,0
BRDA:642,67,0,0
BRDA:669,68,0,0
BRDA:669,68,1,0
BRDA:672,69,0,0
BRDA:678,70,0,0
BRDA:692,71,0,0
BRDA:692,71,1,0
BRDA:697,72,0,0
BRDA:711,73,0,0
BRDA:711,73,1,0
BRDA:717,74,0,0
BRDA:731,75,0,0
BRDA:731,75,1,0
BRDA:738,76,0,0
BRDA:752,77,0,0
BRDA:752,77,1,0
BRDA:765,78,0,0
BRDA:765,78,1,0
BRDA:765,79,0,0
BRDA:765,79,1,0
BRDA:773,80,0,0
BRDA:774,81,0,0
BRDA:775,82,0,0
BRDA:780,83,0,0
BRDA:781,84,0,0
BRDA:795,85,0,0
BRDA:795,85,1,0
BRDA:795,86,0,0
BRDA:795,86,1,0
BRDA:797,87,0,0
BRDA:797,87,1,0
BRDA:797,88,0,0
BRDA:797,88,1,0
BRF:144
BRH:0
end_of_record
TN:
SF:src\ai\ai.module.ts
FNF:0
FNH:0
DA:1,0
DA:2,0
DA:8,0
LF:3
LH:0
BRF:0
BRH:0
end_of_record
TN:
SF:src\chat\chat.controller.ts
FN:11,(anonymous_4)
FN:15,(anonymous_5)
FNF:2
FNH:2
FNDA:4,(anonymous_4)
FNDA:4,(anonymous_5)
DA:1,1
DA:2,1
DA:10,1
DA:11,4
DA:15,1
DA:16,4
LF:6
LH:6
BRDA:16,0,0,4
BRDA:16,0,1,3
BRF:2
BRH:2
end_of_record
TN:
SF:src\chat\chat.module.ts
FNF:0
FNH:0
DA:1,0
DA:2,0
DA:3,0
DA:4,0
DA:12,0
LF:5
LH:0
BRF:0
BRH:0
end_of_record
TN:
SF:src\chat\chat.service.ts
FN:11,(anonymous_2)
FN:18,(anonymous_3)
FN:28,(anonymous_4)
FN:42,(anonymous_5)
FNF:4
FNH:4
FNDA:9,(anonymous_2)
FNDA:2,(anonymous_3)
FNDA:7,(anonymous_4)
FNDA:2,(anonymous_5)
DA:1,2
DA:2,2
DA:3,2
DA:6,2
DA:7,9
DA:9,9
DA:11,9
DA:12,9
DA:19,2
DA:20,2
DA:21,2
DA:22,1
DA:24,1
DA:32,7
DA:33,7
DA:35,7
DA:36,1
DA:39,6
DA:40,6
DA:42,2
DA:49,6
DA:56,5
DA:57,5
DA:59,1
DA:60,1
LF:25
LH:25
BRDA:13,0,0,9
BRDA:13,0,1,0
BRDA:19,1,0,2
BRDA:19,1,1,1
BRDA:20,2,0,2
BRDA:20,2,1,1
BRDA:21,3,0,1
BRDA:21,3,1,1
BRDA:30,4,0,6
BRDA:32,5,0,7
BRDA:32,5,1,1
BRDA:33,6,0,7
BRDA:33,6,1,1
BRDA:35,7,0,1
BRDA:56,8,0,5
BRDA:56,8,1,2
BRDA:59,9,0,1
BRDA:59,9,1,0
BRDA:60,10,0,1
BRDA:60,10,1,0
BRF:20
BRH:17
end_of_record
TN:
SF:src\dto\alert.dto.ts
FNF:0
FNH:0
DA:1,0
DA:3,0
DA:16,0
DA:19,0
LF:4
LH:0
BRF:0
BRH:0
end_of_record
TN:
SF:src\dto\energy-consumption.dto.ts
FN:8,(anonymous_2)
FNF:1
FNH:0
FNDA:0,(anonymous_2)
DA:1,1
DA:2,1
DA:4,1
DA:6,1
DA:8,0
DA:10,1
DA:14,1
DA:18,1
DA:22,1
DA:26,1
DA:30,1
DA:33,1
LF:12
LH:11
BRF:0
BRH:0
end_of_record
TN:
SF:src\dto\equipment.dto.ts
FNF:0
FNH:0
DA:1,1
DA:3,1
DA:5,1
DA:8,1
DA:11,1
DA:15,1
DA:19,1
DA:22,1
DA:25,1
DA:29,1
DA:33,1
DA:37,1
DA:40,1
LF:13
LH:13
BRF:0
BRH:0
end_of_record
TN:
SF:src\dto\recommendation.dto.ts
FNF:0
FNH:0
DA:1,0
DA:3,0
DA:6,0
DA:10,0
DA:14,0
DA:17,0
DA:30,0
DA:33,0
DA:37,0
DA:41,0
DA:45,0
DA:48,0
DA:51,0
DA:53,0
DA:56,0
LF:15
LH:0
BRF:0
BRH:0
end_of_record
TN:
SF:src\dto\worker.dto.ts
FNF:0
FNH:0
DA:1,1
DA:3,1
DA:5,1
DA:8,1
DA:11,1
DA:14,1
DA:18,1
DA:22,1
DA:25,1
DA:28,1
DA:32,1
DA:35,1
LF:12
LH:12
BRF:0
BRH:0
end_of_record
TN:
SF:src\modules\alert\alert.controller.ts
FN:6,(anonymous_4)
FN:9,(anonymous_5)
FN:14,(anonymous_6)
FN:19,(anonymous_7)
FN:24,(anonymous_8)
FN:29,(anonymous_9)
FN:34,(anonymous_10)
FN:39,(anonymous_11)
FN:44,(anonymous_12)
FNF:9
FNH:9
FNDA:8,(anonymous_4)
FNDA:1,(anonymous_5)
FNDA:1,(anonymous_6)
FNDA:1,(anonymous_7)
FNDA:1,(anonymous_8)
FNDA:1,(anonymous_9)
FNDA:1,(anonymous_10)
FNDA:1,(anonymous_11)
FNDA:1,(anonymous_12)
DA:1,1
DA:2,1
DA:5,1
DA:6,8
DA:9,1
DA:10,1
DA:14,1
DA:15,1
DA:19,1
DA:20,1
DA:24,1
DA:25,1
DA:29,1
DA:30,1
DA:34,1
DA:35,1
DA:39,1
DA:40,1
DA:44,1
DA:45,1
LF:20
LH:20
BRF:0
BRH:0
end_of_record
TN:
SF:src\modules\alert\alert.module.ts
FNF:0
FNH:0
DA:1,0
DA:2,0
DA:3,0
DA:4,0
DA:5,0
DA:6,0
DA:17,0
LF:7
LH:0
BRF:0
BRH:0
end_of_record
TN:
SF:src\modules\alert\alert.service.ts
FN:9,(anonymous_4)
FN:17,(anonymous_5)
FN:40,(anonymous_6)
FN:88,(anonymous_7)
FN:123,(anonymous_8)
FN:133,(anonymous_9)
FN:143,(anonymous_10)
FN:154,(anonymous_11)
FN:163,(anonymous_12)
FN:176,(anonymous_13)
FN:190,(anonymous_14)
FN:195,(anonymous_15)
FN:196,(anonymous_16)
FN:197,(anonymous_17)
FN:198,(anonymous_18)
FN:199,(anonymous_19)
FN:201,(anonymous_20)
FN:202,(anonymous_21)
FN:203,(anonymous_22)
FN:204,(anonymous_23)
FN:205,(anonymous_24)
FNF:21
FNH:21
FNDA:18,(anonymous_4)
FNDA:27,(anonymous_5)
FNDA:7,(anonymous_6)
FNDA:5,(anonymous_7)
FNDA:1,(anonymous_8)
FNDA:1,(anonymous_9)
FNDA:2,(anonymous_10)
FNDA:1,(anonymous_11)
FNDA:1,(anonymous_12)
FNDA:1,(anonymous_13)
FNDA:2,(anonymous_14)
FNDA:5,(anonymous_15)
FNDA:5,(anonymous_16)
FNDA:5,(anonymous_17)
FNDA:5,(anonymous_18)
FNDA:5,(anonymous_19)
FNDA:5,(anonymous_20)
FNDA:5,(anonymous_21)
FNDA:5,(anonymous_22)
FNDA:5,(anonymous_23)
FNDA:5,(anonymous_24)
DA:1,4
DA:2,4
DA:3,4
DA:4,4
DA:5,4
DA:8,4
DA:10,18
DA:11,18
DA:25,27
DA:34,27
DA:41,7
DA:42,7
DA:45,7
DA:46,5
DA:55,5
DA:59,7
DA:60,5
DA:69,5
DA:73,7
DA:74,5
DA:83,5
DA:87,7
DA:88,5
DA:90,7
DA:91,5
DA:100,5
DA:104,7
DA:105,5
DA:114,5
DA:117,7
DA:124,1
DA:134,1
DA:144,2
DA:155,1
DA:164,1
DA:177,1
DA:191,2
DA:193,2
DA:195,5
DA:196,5
DA:197,5
DA:198,5
DA:199,5
DA:201,5
DA:202,5
DA:203,5
DA:204,5
DA:205,5
DA:209,2
LF:49
LH:49
BRDA:45,0,0,5
BRDA:59,1,0,5
BRDA:73,2,0,5
BRDA:90,3,0,5
BRDA:104,4,0,5
BRDA:143,5,0,1
BRF:6
BRH:6
end_of_record
TN:
SF:src\modules\data-collection\data-collection.controller.ts
FN:12,(anonymous_4)
FN:17,(anonymous_5)
FN:22,(anonymous_6)
FN:27,(anonymous_7)
FN:32,(anonymous_8)
FN:40,(anonymous_9)
FN:47,(anonymous_10)
FN:52,(anonymous_11)
FN:57,(anonymous_12)
FN:62,(anonymous_13)
FN:70,(anonymous_14)
FN:77,(anonymous_15)
FN:86,(anonymous_16)
FNF:13
FNH:13
FNDA:12,(anonymous_4)
FNDA:1,(anonymous_5)
FNDA:1,(anonymous_6)
FNDA:1,(anonymous_7)
FNDA:1,(anonymous_8)
FNDA:1,(anonymous_9)
FNDA:1,(anonymous_10)
FNDA:1,(anonymous_11)
FNDA:1,(anonymous_12)
FNDA:1,(anonymous_13)
FNDA:1,(anonymous_14)
FNDA:1,(anonymous_15)
FNDA:1,(anonymous_16)
DA:1,1
DA:2,1
DA:3,1
DA:7,1
DA:8,1
DA:11,1
DA:12,12
DA:17,1
DA:18,1
DA:22,1
DA:23,1
DA:27,1
DA:28,1
DA:32,1
DA:36,1
DA:40,1
DA:41,1
DA:47,1
DA:48,1
DA:52,1
DA:53,1
DA:57,1
DA:58,1
DA:62,1
DA:66,1
DA:70,1
DA:71,1
DA:77,1
DA:80,1
DA:86,1
DA:90,1
LF:31
LH:31
BRDA:88,0,0,1
BRF:1
BRH:1
end_of_record
TN:
SF:src\modules\data-collection\data-collection.module.ts
FNF:0
FNH:0
DA:1,0
DA:2,0
DA:3,0
DA:4,0
DA:5,0
DA:6,0
DA:7,0
DA:8,0
DA:23,0
LF:9
LH:0
BRF:0
BRH:0
end_of_record
TN:
SF:src\modules\data-collection\data-collection.service.ts
FN:17,(anonymous_4)
FN:27,(anonymous_5)
FN:32,(anonymous_6)
FN:36,(anonymous_7)
FN:40,(anonymous_8)
FN:46,(anonymous_9)
FN:52,(anonymous_10)
FN:57,(anonymous_11)
FN:61,(anonymous_12)
FN:65,(anonymous_13)
FN:71,(anonymous_14)
FN:77,(anonymous_15)
FN:94,(anonymous_16)
FN:108,(anonymous_17)
FN:127,(anonymous_18)
FNF:15
FNH:15
FNDA:19,(anonymous_4)
FNDA:1,(anonymous_5)
FNDA:1,(anonymous_6)
FNDA:1,(anonymous_7)
FNDA:1,(anonymous_8)
FNDA:1,(anonymous_9)
FNDA:1,(anonymous_10)
FNDA:1,(anonymous_11)
FNDA:1,(anonymous_12)
FNDA:1,(anonymous_13)
FNDA:1,(anonymous_14)
FNDA:3,(anonymous_15)
FNDA:2,(anonymous_16)
FNDA:2,(anonymous_17)
FNDA:2,(anonymous_18)
DA:1,2
DA:2,2
DA:3,2
DA:4,2
DA:5,2
DA:6,2
DA:7,2
DA:16,2
DA:18,19
DA:19,19
DA:21,19
DA:22,19
DA:28,1
DA:29,1
DA:33,1
DA:37,1
DA:41,1
DA:47,1
DA:53,1
DA:54,1
DA:58,1
DA:62,1
DA:66,1
DA:72,1
DA:80,3
DA:85,3
DA:86,3
DA:89,3
DA:91,3
DA:95,2
DA:96,2
DA:98,2
DA:110,2
DA:112,2
DA:124,2
DA:128,2
DA:129,2
DA:131,2
LF:38
LH:38
BRDA:86,0,0,3
BRDA:86,0,1,1
BRDA:87,1,0,3
BRDA:87,1,1,2
BRDA:94,2,0,1
BRDA:127,3,0,1
BRF:6
BRH:6
end_of_record
TN:
SF:src\modules\external-data\external-data.controller.ts
FN:8,(anonymous_4)
FN:11,(anonymous_5)
FN:17,(anonymous_6)
FN:22,(anonymous_7)
FN:27,(anonymous_8)
FN:32,(anonymous_9)
FN:37,(anonymous_10)
FN:43,(anonymous_11)
FN:48,(anonymous_12)
FN:53,(anonymous_13)
FN:61,(anonymous_14)
FNF:11
FNH:11
FNDA:10,(anonymous_4)
FNDA:1,(anonymous_5)
FNDA:1,(anonymous_6)
FNDA:1,(anonymous_7)
FNDA:1,(anonymous_8)
FNDA:1,(anonymous_9)
FNDA:1,(anonymous_10)
FNDA:1,(anonymous_11)
FNDA:1,(anonymous_12)
FNDA:1,(anonymous_13)
FNDA:1,(anonymous_14)
DA:1,1
DA:2,1
DA:5,1
DA:6,10
DA:8,10
DA:11,1
DA:12,1
DA:13,1
DA:17,1
DA:18,1
DA:22,1
DA:23,1
DA:27,1
DA:28,1
DA:32,1
DA:33,1
DA:37,1
DA:38,1
DA:39,1
DA:43,1
DA:44,1
DA:48,1
DA:49,1
DA:53,1
DA:57,1
DA:61,1
DA:62,1
LF:27
LH:27
BRF:0
BRH:0
end_of_record
TN:
SF:src\modules\external-data\external-data.module.ts
FNF:0
FNH:0
DA:1,0
DA:2,0
DA:3,0
DA:4,0
DA:5,0
DA:19,0
LF:6
LH:0
BRF:0
BRH:0
end_of_record
TN:
SF:src\modules\external-data\external-data.service.ts
FN:138,(anonymous_2)
FN:149,(anonymous_3)
FN:165,(anonymous_4)
FN:179,(anonymous_5)
FN:189,(anonymous_6)
FN:197,(anonymous_7)
FN:212,(anonymous_8)
FN:226,(anonymous_9)
FN:240,(anonymous_10)
FN:254,(anonymous_11)
FN:263,(anonymous_12)
FN:264,(anonymous_13)
FN:265,(anonymous_14)
FN:266,(anonymous_15)
FN:267,(anonymous_16)
FN:287,(anonymous_17)
FN:301,(anonymous_18)
FN:309,(anonymous_19)
FN:325,(anonymous_20)
FN:339,(anonymous_21)
FN:353,(anonymous_22)
FN:367,(anonymous_23)
FN:370,(anonymous_24)
FN:371,(anonymous_25)
FN:372,(anonymous_26)
FN:373,(anonymous_27)
FN:374,(anonymous_28)
FN:376,(anonymous_29)
FN:377,(anonymous_30)
FN:378,(anonymous_31)
FN:379,(anonymous_32)
FN:380,(anonymous_33)
FN:381,(anonymous_34)
FN:382,(anonymous_35)
FN:383,(anonymous_36)
FN:416,(anonymous_37)
FNF:36
FNH:36
FNDA:40,(anonymous_2)
FNDA:7,(anonymous_3)
FNDA:7,(anonymous_4)
FNDA:7,(anonymous_5)
FNDA:5,(anonymous_6)
FNDA:1,(anonymous_7)
FNDA:11,(anonymous_8)
FNDA:7,(anonymous_9)
FNDA:7,(anonymous_10)
FNDA:2,(anonymous_11)
FNDA:3,(anonymous_12)
FNDA:3,(anonymous_13)
FNDA:2,(anonymous_14)
FNDA:1,(anonymous_15)
FNDA:1,(anonymous_16)
FNDA:7,(anonymous_17)
FNDA:8,(anonymous_18)
FNDA:5,(anonymous_19)
FNDA:7,(anonymous_20)
FNDA:6,(anonymous_21)
FNDA:4,(anonymous_22)
FNDA:5,(anonymous_23)
FNDA:6,(anonymous_24)
FNDA:6,(anonymous_25)
FNDA:3,(anonymous_26)
FNDA:4,(anonymous_27)
FNDA:4,(anonymous_28)
FNDA:2,(anonymous_29)
FNDA:2,(anonymous_30)
FNDA:2,(anonymous_31)
FNDA:2,(anonymous_32)
FNDA:2,(anonymous_33)
FNDA:2,(anonymous_34)
FNDA:2,(anonymous_35)
FNDA:2,(anonymous_36)
FNDA:2,(anonymous_37)
DA:1,12
DA:2,12
DA:3,12
DA:4,12
DA:129,12
DA:130,40
DA:139,40
DA:140,40
DA:142,40
DA:143,40
DA:144,40
DA:145,40
DA:146,40
DA:150,7
DA:152,6
DA:153,6
DA:154,6
DA:155,6
DA:158,5
DA:160,1
DA:161,1
DA:166,7
DA:168,6
DA:169,6
DA:172,5
DA:174,1
DA:175,1
DA:180,7
DA:182,6
DA:185,6
DA:186,6
DA:188,3
DA:190,5
DA:191,5
DA:194,5
DA:196,5
DA:197,1
DA:199,4
DA:201,0
DA:205,3
DA:207,0
DA:208,0
DA:213,11
DA:215,10
DA:216,10
DA:219,8
DA:221,2
DA:222,2
DA:227,7
DA:229,6
DA:230,6
DA:233,5
DA:235,1
DA:236,1
DA:241,7
DA:243,6
DA:244,6
DA:247,5
DA:249,1
DA:250,1
DA:255,2
DA:263,3
DA:264,3
DA:265,2
DA:266,2
DA:267,2
DA:269,2
DA:288,7
DA:290,6
DA:291,6
DA:294,5
DA:296,1
DA:297,1
DA:302,8
DA:304,7
DA:305,7
DA:308,6
DA:309,6
DA:320,1
DA:321,1
DA:326,7
DA:328,6
DA:329,6
DA:332,5
DA:334,1
DA:335,1
DA:340,6
DA:342,5
DA:343,5
DA:346,5
DA:348,0
DA:349,0
DA:354,4
DA:366,4
DA:367,5
DA:368,4
DA:370,6
DA:371,6
DA:372,4
DA:373,4
DA:374,4
DA:376,4
DA:377,4
DA:378,4
DA:379,4
DA:380,4
DA:381,4
DA:382,4
DA:383,4
DA:385,4
DA:395,4
DA:417,2
DA:418,2
DA:421,1
DA:423,1
DA:424,1
LF:116
LH:111
BRDA:142,0,0,40
BRDA:142,0,1,0
BRDA:143,1,0,40
BRDA:143,1,1,0
BRDA:144,2,0,40
BRDA:144,2,1,0
BRDA:145,3,0,40
BRDA:145,3,1,0
BRDA:146,4,0,40
BRDA:146,4,1,0
BRDA:150,5,0,1
BRDA:166,6,0,1
BRDA:172,7,0,5
BRDA:172,7,1,0
BRDA:180,8,0,1
BRDA:186,9,0,3
BRDA:194,10,0,5
BRDA:194,10,1,0
BRDA:196,11,0,1
BRDA:196,12,0,5
BRDA:196,12,1,5
BRDA:196,12,2,4
BRDA:197,13,0,1
BRDA:197,13,1,0
BRDA:213,14,0,1
BRDA:219,15,0,8
BRDA:219,15,1,0
BRDA:227,16,0,1
BRDA:233,17,0,5
BRDA:233,17,1,0
BRDA:241,18,0,1
BRDA:247,19,0,5
BRDA:247,19,1,0
BRDA:266,20,0,1
BRDA:266,20,1,0
BRDA:267,21,0,1
BRDA:267,21,1,1
BRDA:276,22,0,2
BRDA:276,22,1,0
BRDA:288,23,0,1
BRDA:302,24,0,1
BRDA:308,25,0,6
BRDA:308,25,1,5
BRDA:308,25,2,0
BRDA:309,26,0,6
BRDA:309,26,1,0
BRDA:310,27,0,5
BRDA:310,27,1,0
BRDA:311,28,0,5
BRDA:311,28,1,0
BRDA:313,29,0,5
BRDA:313,29,1,0
BRDA:315,30,0,5
BRDA:315,30,1,5
BRDA:316,31,0,5
BRDA:316,31,1,0
BRDA:326,32,0,1
BRDA:332,33,0,5
BRDA:332,33,1,0
BRDA:340,34,0,1
BRDA:346,35,0,5
BRDA:346,35,1,0
BRDA:359,36,0,2
BRDA:359,36,1,2
BRDA:360,37,0,2
BRDA:360,37,1,2
BRDA:362,38,0,2
BRDA:362,38,1,2
BRDA:372,39,0,3
BRDA:372,39,1,0
BRDA:373,40,0,4
BRDA:373,40,1,0
BRDA:374,41,0,4
BRDA:374,41,1,4
BRDA:376,42,0,2
BRDA:376,42,1,2
BRDA:377,43,0,2
BRDA:377,43,1,2
BRDA:378,44,0,2
BRDA:378,44,1,2
BRDA:382,45,0,2
BRDA:382,45,1,0
BRDA:383,46,0,2
BRDA:383,46,1,2
BRDA:385,47,0,2
BRDA:385,47,1,2
BRDA:386,48,0,2
BRDA:386,48,1,0
BRDA:404,49,0,4
BRDA:404,49,1,0
BRDA:421,50,0,1
BRDA:421,50,1,0
BRF:92
BRH:65
end_of_record
TN:
SF:src\modules\power-bi\power-bi.controller.ts
FN:6,(anonymous_4)
FN:9,(anonymous_5)
FN:14,(anonymous_6)
FN:19,(anonymous_7)
FN:24,(anonymous_8)
FNF:5
FNH:5
FNDA:6,(anonymous_4)
FNDA:2,(anonymous_5)
FNDA:1,(anonymous_6)
FNDA:1,(anonymous_7)
FNDA:2,(anonymous_8)
DA:1,1
DA:2,1
DA:5,1
DA:6,6
DA:9,1
DA:10,2
DA:14,1
DA:15,1
DA:19,1
DA:20,1
DA:24,1
DA:25,2
LF:12
LH:12
BRDA:24,0,0,1
BRF:1
BRH:1
end_of_record
TN:
SF:src\modules\power-bi\power-bi.module.ts
FNF:0
FNH:0
DA:1,0
DA:2,0
DA:3,0
DA:4,0
DA:5,0
DA:6,0
DA:7,0
DA:8,0
DA:9,0
DA:25,0
LF:10
LH:0
BRF:0
BRH:0
end_of_record
TN:
SF:src\modules\power-bi\power-bi.service.ts
FN:63,(anonymous_4)
FN:71,(anonymous_5)
FN:109,(anonymous_6)
FN:115,(anonymous_7)
FN:116,(anonymous_8)
FN:118,(anonymous_9)
FN:121,(anonymous_10)
FN:122,(anonymous_11)
FN:125,(anonymous_12)
FN:126,(anonymous_13)
FN:138,(anonymous_14)
FN:161,(anonymous_15)
FN:174,(anonymous_16)
FN:195,(anonymous_17)
FN:198,(anonymous_18)
FN:203,(anonymous_19)
FN:209,(anonymous_20)
FN:224,(anonymous_21)
FN:227,(anonymous_22)
FN:232,(anonymous_23)
FN:246,(anonymous_24)
FN:254,(anonymous_25)
FN:255,(anonymous_26)
FN:272,(anonymous_27)
FN:282,(anonymous_28)
FN:297,(anonymous_29)
FN:306,(anonymous_30)
FN:320,(anonymous_31)
FN:332,(anonymous_32)
FN:334,(anonymous_33)
FN:335,(anonymous_34)
FN:337,(anonymous_35)
FN:338,(anonymous_36)
FN:340,(anonymous_37)
FN:349,(anonymous_38)
FN:350,(anonymous_39)
FN:361,(anonymous_40)
FN:362,(anonymous_41)
FN:377,(anonymous_42)
FN:394,(anonymous_43)
FN:395,(anonymous_44)
FN:407,(anonymous_45)
FN:419,(anonymous_46)
FN:421,(anonymous_47)
FN:422,(anonymous_48)
FN:424,(anonymous_49)
FN:431,(anonymous_50)
FN:433,(anonymous_51)
FN:434,(anonymous_52)
FN:435,(anonymous_53)
FN:443,(anonymous_54)
FN:449,(anonymous_55)
FN:484,(anonymous_56)
FN:496,(anonymous_57)
FN:499,(anonymous_58)
FN:505,(anonymous_59)
FN:513,(anonymous_60)
FN:521,(anonymous_61)
FN:529,(anonymous_62)
FNF:59
FNH:55
FNDA:21,(anonymous_4)
FNDA:12,(anonymous_5)
FNDA:11,(anonymous_6)
FNDA:36,(anonymous_7)
FNDA:36,(anonymous_8)
FNDA:22,(anonymous_9)
FNDA:36,(anonymous_10)
FNDA:10,(anonymous_11)
FNDA:36,(anonymous_12)
FNDA:10,(anonymous_13)
FNDA:11,(anonymous_14)
FNDA:22,(anonymous_15)
FNDA:11,(anonymous_16)
FNDA:11,(anonymous_17)
FNDA:36,(anonymous_18)
FNDA:36,(anonymous_19)
FNDA:36,(anonymous_20)
FNDA:11,(anonymous_21)
FNDA:22,(anonymous_22)
FNDA:22,(anonymous_23)
FNDA:11,(anonymous_24)
FNDA:36,(anonymous_25)
FNDA:10,(anonymous_26)
FNDA:2,(anonymous_27)
FNDA:6,(anonymous_28)
FNDA:2,(anonymous_29)
FNDA:4,(anonymous_30)
FNDA:5,(anonymous_31)
FNDA:15,(anonymous_32)
FNDA:15,(anonymous_33)
FNDA:5,(anonymous_34)
FNDA:15,(anonymous_35)
FNDA:5,(anonymous_36)
FNDA:15,(anonymous_37)
FNDA:11,(anonymous_38)
FNDA:36,(anonymous_39)
FNDA:11,(anonymous_40)
FNDA:22,(anonymous_41)
FNDA:11,(anonymous_42)
FNDA:180,(anonymous_43)
FNDA:180,(anonymous_44)
FNDA:11,(anonymous_45)
FNDA:11,(anonymous_46)
FNDA:36,(anonymous_47)
FNDA:0,(anonymous_48)
FNDA:10,(anonymous_49)
FNDA:11,(anonymous_50)
FNDA:22,(anonymous_51)
FNDA:0,(anonymous_52)
FNDA:0,(anonymous_53)
FNDA:0,(anonymous_54)
FNDA:11,(anonymous_55)
FNDA:11,(anonymous_56)
FNDA:33,(anonymous_57)
FNDA:36,(anonymous_58)
FNDA:11,(anonymous_59)
FNDA:11,(anonymous_60)
FNDA:11,(anonymous_61)
FNDA:5,(anonymous_62)
DA:1,2
DA:2,2
DA:3,2
DA:4,2
DA:5,2
DA:6,2
DA:60,2
DA:61,21
DA:65,21
DA:67,21
DA:68,21
DA:72,12
DA:74,12
DA:77,11
DA:80,11
DA:83,11
DA:86,11
DA:89,11
DA:92,11
DA:94,11
DA:104,1
DA:105,1
DA:110,11
DA:115,36
DA:116,36
DA:117,11
DA:118,22
DA:120,11
DA:121,36
DA:122,10
DA:124,11
DA:125,36
DA:126,10
DA:128,11
DA:139,11
DA:140,11
DA:142,11
DA:156,11
DA:159,11
DA:160,11
DA:161,22
DA:162,11
DA:165,11
DA:167,11
DA:175,11
DA:176,11
DA:177,11
DA:178,11
DA:180,11
DA:181,11
DA:184,11
DA:185,11
DA:187,11
DA:196,11
DA:198,11
DA:199,36
DA:200,36
DA:203,11
DA:204,36
DA:205,36
DA:206,36
DA:209,11
DA:210,36
DA:211,36
DA:214,11
DA:216,11
DA:225,11
DA:227,11
DA:228,22
DA:229,22
DA:232,11
DA:233,22
DA:234,22
DA:237,11
DA:239,11
DA:248,11
DA:253,11
DA:254,36
DA:255,10
DA:257,11
DA:260,11
DA:263,11
DA:265,11
DA:274,2
DA:281,2
DA:282,6
DA:298,2
DA:305,2
DA:306,4
DA:321,5
DA:322,5
DA:323,5
DA:325,5
DA:330,5
DA:332,15
DA:334,15
DA:335,5
DA:337,15
DA:338,5
DA:340,15
DA:345,5
DA:350,11
DA:351,36
DA:352,36
DA:353,36
DA:354,36
DA:355,36
DA:358,11
DA:362,11
DA:363,22
DA:364,22
DA:365,22
DA:366,22
DA:367,11
DA:368,11
DA:369,11
DA:371,22
DA:374,11
DA:378,11
DA:379,11
DA:380,55
DA:381,55
DA:382,55
DA:383,55
DA:385,55
DA:394,180
DA:395,180
DA:397,55
DA:404,11
DA:409,11
DA:410,11
DA:412,11
DA:413,11
DA:415,11
DA:416,11
DA:420,11
DA:421,36
DA:422,0
DA:424,10
DA:432,11
DA:433,22
DA:434,0
DA:436,0
DA:437,0
DA:438,0
DA:439,0
DA:440,0
DA:443,11
DA:450,11
DA:451,11
DA:452,11
DA:453,11
DA:454,11
DA:455,11
DA:457,11
DA:458,1
DA:465,11
DA:466,11
DA:473,11
DA:474,0
DA:481,11
DA:485,11
DA:486,11
DA:487,11
DA:488,11
DA:489,11
DA:490,11
DA:492,11
DA:496,33
DA:500,36
DA:501,10
DA:502,0
DA:506,11
DA:507,0
DA:514,11
DA:515,1
DA:522,11
DA:523,1
DA:530,5
DA:531,5
DA:533,4
DA:534,4
DA:536,4
DA:537,1
DA:538,2
DA:539,1
DA:540,0
LF:187
LH:176
BRDA:71,0,0,12
BRDA:115,1,0,36
BRDA:115,1,1,20
BRDA:122,2,0,10
BRDA:122,2,1,0
BRDA:126,3,0,10
BRDA:126,3,1,0
BRDA:175,4,0,11
BRDA:175,4,1,0
BRDA:176,5,0,11
BRDA:176,5,1,0
BRDA:177,6,0,11
BRDA:177,6,1,0
BRDA:178,7,0,11
BRDA:178,7,1,0
BRDA:180,8,0,11
BRDA:180,8,1,0
BRDA:181,9,0,11
BRDA:181,9,1,0
BRDA:184,10,0,11
BRDA:184,10,1,0
BRDA:185,11,0,11
BRDA:185,11,1,0
BRDA:199,12,0,36
BRDA:199,12,1,31
BRDA:205,13,0,36
BRDA:205,13,1,21
BRDA:210,14,0,36
BRDA:210,14,1,31
BRDA:228,15,0,22
BRDA:228,15,1,22
BRDA:233,16,0,22
BRDA:233,16,1,22
BRDA:255,17,0,10
BRDA:255,17,1,0
BRDA:335,18,0,5
BRDA:335,18,1,0
BRDA:338,19,0,5
BRDA:338,19,1,0
BRDA:339,20,0,5
BRDA:339,20,1,0
BRDA:340,21,0,15
BRDA:340,21,1,0
BRDA:352,22,0,11
BRDA:354,23,0,36
BRDA:354,23,1,0
BRDA:364,24,0,11
BRDA:366,25,0,11
BRDA:366,25,1,11
BRDA:366,26,0,22
BRDA:366,26,1,11
BRDA:368,27,0,11
BRDA:368,28,0,11
BRDA:368,28,1,11
BRDA:394,29,0,180
BRDA:394,29,1,0
BRDA:395,30,0,180
BRDA:395,30,1,0
BRDA:412,31,0,11
BRDA:412,31,1,0
BRDA:413,32,0,11
BRDA:413,32,1,0
BRDA:422,33,0,0
BRDA:422,33,1,0
BRDA:422,34,0,0
BRDA:422,34,1,0
BRDA:426,35,0,10
BRDA:426,35,1,0
BRDA:427,36,0,10
BRDA:427,36,1,0
BRDA:433,37,0,22
BRDA:433,37,1,0
BRDA:437,38,0,0
BRDA:445,39,0,0
BRDA:445,39,1,0
BRDA:451,40,0,11
BRDA:451,40,1,0
BRDA:452,41,0,11
BRDA:452,41,1,0
BRDA:453,42,0,11
BRDA:453,42,1,0
BRDA:454,43,0,11
BRDA:454,43,1,0
BRDA:454,44,0,11
BRDA:454,44,1,0
BRDA:455,45,0,11
BRDA:455,45,1,0
BRDA:455,46,0,11
BRDA:455,46,1,0
BRDA:457,47,0,1
BRDA:457,48,0,11
BRDA:457,48,1,10
BRDA:460,49,0,0
BRDA:460,49,1,1
BRDA:465,50,0,11
BRDA:465,51,0,11
BRDA:465,51,1,11
BRDA:468,52,0,10
BRDA:468,52,1,1
BRDA:473,53,0,0
BRDA:473,54,0,11
BRDA:473,54,1,11
BRDA:476,55,0,0
BRDA:476,55,1,0
BRDA:485,56,0,11
BRDA:485,56,1,0
BRDA:486,57,0,11
BRDA:486,57,1,0
BRDA:487,58,0,11
BRDA:487,58,1,0
BRDA:488,59,0,11
BRDA:488,59,1,0
BRDA:488,60,0,11
BRDA:488,60,1,0
BRDA:489,61,0,11
BRDA:489,61,1,0
BRDA:489,62,0,11
BRDA:489,62,1,0
BRDA:500,63,0,26
BRDA:501,64,0,10
BRDA:506,65,0,11
BRDA:506,66,0,11
BRDA:506,66,1,11
BRDA:514,67,0,10
BRDA:522,68,0,10
BRDA:522,69,0,11
BRDA:522,69,1,11
BRDA:531,70,0,1
BRDA:536,71,0,1
BRDA:536,71,1,2
BRDA:536,71,2,1
BRDA:536,71,3,0
BRF:132
BRH:83
end_of_record
TN:
SF:src\modules\recommendation\recommendation.controller.ts
FN:33,(anonymous_4)
FN:36,(anonymous_5)
FN:53,(anonymous_6)
FN:71,(anonymous_7)
FN:82,(anonymous_8)
FN:87,(anonymous_9)
FN:98,(anonymous_10)
FN:103,(anonymous_11)
FN:108,(anonymous_12)
FN:113,(anonymous_13)
FN:118,(anonymous_14)
FN:123,(anonymous_15)
FN:128,(anonymous_16)
FN:142,(anonymous_17)
FN:158,(anonymous_18)
FN:163,(anonymous_19)
FNF:16
FNH:7
FNDA:9,(anonymous_4)
FNDA:0,(anonymous_5)
FNDA:0,(anonymous_6)
FNDA:0,(anonymous_7)
FNDA:1,(anonymous_8)
FNDA:2,(anonymous_9)
FNDA:0,(anonymous_10)
FNDA:1,(anonymous_11)
FNDA:0,(anonymous_12)
FNDA:0,(anonymous_13)
FNDA:0,(anonymous_14)
FNDA:1,(anonymous_15)
FNDA:3,(anonymous_16)
FNDA:0,(anonymous_17)
FNDA:1,(anonymous_18)
FNDA:0,(anonymous_19)
DA:1,1
DA:10,1
DA:32,1
DA:33,9
DA:36,1
DA:37,0
DA:38,0
DA:42,0
DA:48,0
DA:53,1
DA:54,0
DA:55,0
DA:58,0
DA:63,0
DA:71,1
DA:72,0
DA:74,0
DA:82,1
DA:83,1
DA:87,1
DA:93,2
DA:98,1
DA:99,0
DA:103,1
DA:104,1
DA:108,1
DA:109,0
DA:113,1
DA:114,0
DA:118,1
DA:119,0
DA:123,1
DA:124,1
DA:128,1
DA:132,3
DA:133,1
DA:134,2
DA:135,1
DA:137,1
DA:142,1
DA:143,0
DA:144,0
DA:145,0
DA:149,0
DA:158,1
DA:159,1
DA:163,1
DA:164,0
LF:48
LH:29
BRDA:38,0,0,0
BRDA:38,0,1,0
BRDA:54,1,0,0
BRDA:132,2,0,1
BRDA:132,2,1,2
BRDA:134,3,0,1
BRDA:134,3,1,1
BRDA:144,4,0,0
BRF:8
BRH:4
end_of_record
TN:
SF:src\modules\recommendation\recommendation.module.ts
FNF:0
FNH:0
DA:1,0
DA:2,0
DA:3,0
DA:4,0
DA:5,0
DA:6,0
DA:7,0
DA:8,0
DA:9,0
DA:25,0
LF:10
LH:0
BRF:0
BRH:0
end_of_record
TN:
SF:src\modules\recommendation\recommendation.service.ts
FN:56,(anonymous_4)
FN:65,(anonymous_5)
FN:79,(anonymous_6)
FN:93,(anonymous_7)
FN:104,(anonymous_8)
FN:105,(anonymous_9)
FN:108,(anonymous_10)
FN:111,(anonymous_11)
FN:114,(anonymous_12)
FN:117,(anonymous_13)
FN:122,(anonymous_14)
FN:126,(anonymous_15)
FN:135,(anonymous_16)
FN:139,(anonymous_17)
FN:171,(anonymous_18)
FN:214,(anonymous_19)
FN:249,(anonymous_20)
FN:250,(anonymous_21)
FN:253,(anonymous_22)
FN:263,(anonymous_23)
FN:289,(anonymous_24)
FN:349,(anonymous_25)
FN:350,(anonymous_26)
FN:353,(anonymous_27)
FN:355,(anonymous_28)
FN:359,(anonymous_29)
FN:368,(anonymous_30)
FN:370,(anonymous_31)
FN:377,(anonymous_32)
FN:379,(anonymous_33)
FN:383,(anonymous_34)
FN:389,(anonymous_35)
FN:390,(anonymous_36)
FN:396,(anonymous_37)
FN:404,(anonymous_38)
FN:417,(anonymous_39)
FN:419,(anonymous_40)
FN:462,(anonymous_41)
FN:492,(anonymous_42)
FN:507,(anonymous_43)
FN:510,(anonymous_44)
FN:516,(anonymous_45)
FN:518,(anonymous_46)
FN:534,(anonymous_47)
FN:535,(anonymous_48)
FN:550,(anonymous_49)
FN:570,(anonymous_50)
FN:580,(anonymous_51)
FN:601,(anonymous_52)
FN:625,(anonymous_53)
FN:675,(anonymous_54)
FN:708,(anonymous_55)
FN:710,(anonymous_56)
FN:745,(anonymous_57)
FN:759,(anonymous_58)
FN:809,(anonymous_59)
FN:822,(anonymous_60)
FN:831,(anonymous_61)
FN:834,(anonymous_62)
FN:840,(anonymous_63)
FN:905,(anonymous_64)
FN:914,(anonymous_65)
FN:917,(anonymous_66)
FN:920,(anonymous_67)
FNF:64
FNH:62
FNDA:24,(anonymous_4)
FNDA:15,(anonymous_5)
FNDA:9,(anonymous_6)
FNDA:4,(anonymous_7)
FNDA:7,(anonymous_8)
FNDA:7,(anonymous_9)
FNDA:7,(anonymous_10)
FNDA:2,(anonymous_11)
FNDA:1,(anonymous_12)
FNDA:7,(anonymous_13)
FNDA:2,(anonymous_14)
FNDA:1,(anonymous_15)
FNDA:2,(anonymous_16)
FNDA:2,(anonymous_17)
FNDA:6,(anonymous_18)
FNDA:6,(anonymous_19)
FNDA:18,(anonymous_20)
FNDA:18,(anonymous_21)
FNDA:18,(anonymous_22)
FNDA:12,(anonymous_23)
FNDA:5,(anonymous_24)
FNDA:12,(anonymous_25)
FNDA:36,(anonymous_26)
FNDA:6,(anonymous_27)
FNDA:18,(anonymous_28)
FNDA:6,(anonymous_29)
FNDA:6,(anonymous_30)
FNDA:12,(anonymous_31)
FNDA:6,(anonymous_32)
FNDA:18,(anonymous_33)
FNDA:6,(anonymous_34)
FNDA:6,(anonymous_35)
FNDA:12,(anonymous_36)
FNDA:18,(anonymous_37)
FNDA:1,(anonymous_38)
FNDA:2,(anonymous_39)
FNDA:1,(anonymous_40)
FNDA:2,(anonymous_41)
FNDA:1,(anonymous_42)
FNDA:2,(anonymous_43)
FNDA:2,(anonymous_44)
FNDA:2,(anonymous_45)
FNDA:1,(anonymous_46)
FNDA:2,(anonymous_47)
FNDA:1,(anonymous_48)
FNDA:2,(anonymous_49)
FNDA:3,(anonymous_50)
FNDA:3,(anonymous_51)
FNDA:2,(anonymous_52)
FNDA:2,(anonymous_53)
FNDA:1,(anonymous_54)
FNDA:1,(anonymous_55)
FNDA:1,(anonymous_56)
FNDA:0,(anonymous_57)
FNDA:1,(anonymous_58)
FNDA:0,(anonymous_59)
FNDA:1,(anonymous_60)
FNDA:3,(anonymous_61)
FNDA:3,(anonymous_62)
FNDA:3,(anonymous_63)
FNDA:1,(anonymous_64)
FNDA:13,(anonymous_65)
FNDA:13,(anonymous_66)
FNDA:13,(anonymous_67)
DA:1,2
DA:2,2
DA:3,2
DA:4,2
DA:5,2
DA:9,2
DA:10,2
DA:53,2
DA:54,24
DA:58,24
DA:59,24
DA:60,24
DA:61,24
DA:62,24
DA:68,15
DA:76,15
DA:85,9
DA:86,9
DA:87,9
DA:88,9
DA:89,9
DA:90,9
DA:103,4
DA:104,7
DA:105,7
DA:106,4
DA:108,7
DA:111,2
DA:114,1
DA:117,7
DA:123,2
DA:130,1
DA:136,2
DA:141,2
DA:142,2
DA:143,1
DA:147,1
DA:155,1
DA:165,1
DA:168,1
DA:173,6
DA:174,6
DA:175,1
DA:179,5
DA:186,5
DA:194,5
DA:205,5
DA:208,5
DA:219,6
DA:220,6
DA:227,6
DA:229,6
DA:230,6
DA:231,6
DA:232,6
DA:234,6
DA:237,6
DA:239,6
DA:249,18
DA:250,18
DA:254,18
DA:263,12
DA:281,0
DA:282,0
DA:294,5
DA:296,5
DA:301,5
DA:303,1
DA:304,1
DA:311,1
DA:314,1
DA:317,1
DA:320,1
DA:323,1
DA:325,1
DA:328,1
DA:331,1
DA:333,1
DA:336,1
DA:339,1
DA:342,1
DA:345,5
DA:350,36
DA:354,6
DA:355,18
DA:357,6
DA:359,6
DA:360,6
DA:361,6
DA:362,6
DA:365,6
DA:369,6
DA:370,6
DA:371,12
DA:372,0
DA:374,6
DA:378,6
DA:379,18
DA:380,6
DA:384,6
DA:385,6
DA:386,6
DA:390,6
DA:391,12
DA:392,0
DA:394,6
DA:396,18
DA:397,6
DA:416,1
DA:417,2
DA:419,1
DA:420,1
DA:421,1
DA:422,1
DA:425,1
DA:435,1
DA:437,1
DA:438,0
DA:441,1
DA:443,1
DA:445,1
DA:451,1
DA:462,1
DA:463,2
DA:464,2
DA:465,2
DA:466,2
DA:468,2
DA:473,2
DA:489,1
DA:497,1
DA:504,1
DA:507,2
DA:510,2
DA:516,2
DA:518,1
DA:534,2
DA:535,1
DA:550,1
DA:551,2
DA:552,1
DA:553,1
DA:556,1
DA:557,1
DA:560,1
DA:561,0
DA:567,1
DA:571,3
DA:577,3
DA:586,3
DA:605,2
DA:630,2
DA:631,2
DA:633,2
DA:634,2
DA:653,2
DA:654,2
DA:672,2
DA:679,1
DA:683,1
DA:685,1
DA:687,1
DA:701,1
DA:702,1
DA:703,1
DA:707,1
DA:708,1
DA:709,1
DA:710,1
DA:713,1
DA:726,1
DA:727,1
DA:728,1
DA:732,1
DA:733,1
DA:734,1
DA:738,1
DA:739,1
DA:743,1
DA:745,0
DA:746,1
DA:751,1
DA:752,2
DA:756,1
DA:760,1
DA:761,1
DA:763,1
DA:775,1
DA:776,1
DA:777,1
DA:781,1
DA:785,1
DA:786,3
DA:790,1
DA:791,1
DA:792,2
DA:796,1
DA:797,1
DA:798,1
DA:802,1
DA:803,1
DA:807,1
DA:809,0
DA:810,1
DA:815,1
DA:816,2
DA:819,1
DA:826,1
DA:827,1
DA:829,1
DA:830,1
DA:831,3
DA:833,1
DA:835,3
DA:840,3
DA:842,1
DA:844,1
DA:845,1
DA:864,1
DA:865,1
DA:883,1
DA:884,1
DA:902,1
DA:909,1
DA:910,1
DA:912,1
DA:913,1
DA:914,13
DA:916,1
DA:917,13
DA:919,1
DA:921,13
DA:927,1
DA:929,1
DA:930,1
DA:949,1
DA:950,1
DA:968,1
LF:238
LH:230
BRDA:71,0,0,15
BRDA:71,0,1,1
BRDA:72,1,0,0
BRDA:72,1,1,1
BRDA:86,2,0,7
BRDA:87,3,0,0
BRDA:88,4,0,2
BRDA:89,5,0,0
BRDA:108,6,0,7
BRDA:108,6,1,0
BRDA:111,7,0,2
BRDA:111,7,1,0
BRDA:114,8,0,1
BRDA:114,8,1,0
BRDA:117,9,0,7
BRDA:117,9,1,0
BRDA:142,10,0,1
BRDA:174,11,0,1
BRDA:220,12,0,0
BRDA:220,12,1,6
BRDA:222,13,0,6
BRDA:222,13,1,0
BRDA:227,14,0,6
BRDA:227,14,1,0
BRDA:227,15,0,0
BRDA:227,15,1,0
BRDA:229,16,0,6
BRDA:229,16,1,0
BRDA:229,16,2,0
BRDA:230,17,0,6
BRDA:230,17,1,0
BRDA:231,18,0,6
BRDA:231,18,1,0
BRDA:232,19,0,6
BRDA:232,19,1,0
BRDA:234,20,0,0
BRDA:234,20,1,6
BRDA:235,21,0,0
BRDA:235,21,1,0
BRDA:236,22,0,6
BRDA:236,22,1,0
BRDA:237,23,0,6
BRDA:237,23,1,0
BRDA:254,24,0,18
BRDA:254,24,1,12
BRDA:254,24,2,6
BRDA:263,25,0,12
BRDA:263,25,1,0
BRDA:294,26,0,0
BRDA:294,27,0,5
BRDA:294,27,1,5
BRDA:301,28,0,1
BRDA:301,28,1,1
BRDA:301,28,2,1
BRDA:301,28,3,1
BRDA:301,28,4,1
BRDA:304,29,0,1
BRDA:304,29,1,0
BRDA:350,30,0,36
BRDA:350,30,1,12
BRDA:355,31,0,18
BRDA:355,31,1,6
BRDA:355,31,2,6
BRDA:357,32,0,0
BRDA:371,33,0,12
BRDA:374,34,0,6
BRDA:374,34,1,0
BRDA:378,35,0,0
BRDA:384,36,0,0
BRDA:384,37,0,6
BRDA:384,37,1,6
BRDA:391,38,0,12
BRDA:394,39,0,0
BRDA:417,40,0,2
BRDA:417,40,1,1
BRDA:420,41,0,1
BRDA:420,41,1,0
BRDA:421,42,0,1
BRDA:421,42,1,0
BRDA:437,43,0,0
BRDA:443,44,0,1
BRDA:443,44,1,0
BRDA:445,45,0,1
BRDA:445,45,1,0
BRDA:447,46,0,0
BRDA:447,46,1,0
BRDA:447,47,0,0
BRDA:447,47,1,0
BRDA:463,48,0,2
BRDA:463,48,1,0
BRDA:466,49,0,2
BRDA:466,49,1,0
BRDA:468,50,0,2
BRDA:468,50,1,0
BRDA:470,51,0,0
BRDA:470,51,1,0
BRDA:470,52,0,0
BRDA:470,52,1,0
BRDA:477,53,0,2
BRDA:477,53,1,0
BRDA:479,54,0,0
BRDA:479,54,1,0
BRDA:516,55,0,2
BRDA:516,55,1,1
BRDA:516,55,2,1
BRDA:534,56,0,2
BRDA:534,56,1,2
BRDA:551,57,0,1
BRDA:552,58,0,1
BRDA:556,59,0,1
BRDA:560,60,0,0
BRDA:577,61,0,3
BRDA:577,61,1,0
BRDA:591,62,0,3
BRDA:591,62,1,0
BRDA:594,63,0,3
BRDA:594,63,1,3
BRDA:612,64,0,2
BRDA:612,64,1,0
BRDA:631,65,0,0
BRDA:633,66,0,2
BRDA:640,67,0,2
BRDA:640,67,1,0
BRDA:653,68,0,2
BRDA:660,69,0,2
BRDA:660,69,1,0
BRDA:685,70,0,1
BRDA:696,71,0,1
BRDA:696,71,1,0
BRDA:707,72,0,1
BRDA:707,73,0,1
BRDA:707,73,1,1
BRDA:722,74,0,1
BRDA:722,74,1,0
BRDA:733,75,0,1
BRDA:736,76,0,1
BRDA:736,76,1,0
BRDA:749,77,0,1
BRDA:749,77,1,0
BRDA:770,78,0,1
BRDA:770,78,1,0
BRDA:797,79,0,1
BRDA:800,80,0,1
BRDA:800,80,1,0
BRDA:813,81,0,1
BRDA:813,81,1,0
BRDA:827,82,0,0
BRDA:827,83,0,1
BRDA:827,83,1,1
BRDA:831,84,0,3
BRDA:831,84,1,3
BRDA:831,84,2,3
BRDA:835,85,0,3
BRDA:835,85,1,3
BRDA:835,85,2,3
BRDA:835,85,3,2
BRDA:842,86,0,1
BRDA:842,86,1,0
BRDA:844,87,0,1
BRDA:864,88,0,1
BRDA:883,89,0,1
BRDA:883,90,0,1
BRDA:883,90,1,1
BRDA:910,91,0,0
BRDA:910,92,0,1
BRDA:910,92,1,1
BRDA:914,93,0,13
BRDA:914,93,1,12
BRDA:917,94,0,13
BRDA:917,94,1,2
BRDA:921,95,0,13
BRDA:921,95,1,12
BRDA:921,95,2,12
BRDA:921,95,3,12
BRDA:927,96,0,1
BRDA:927,96,1,0
BRDA:929,97,0,1
BRDA:949,98,0,1
BRF:178
BRH:111
end_of_record
TN:
SF:src\modules\reporting\reporting.controller.ts
FN:6,(anonymous_4)
FN:9,(anonymous_5)
FN:17,(anonymous_6)
FN:22,(anonymous_7)
FN:27,(anonymous_8)
FN:32,(anonymous_9)
FNF:6
FNH:6
FNDA:7,(anonymous_4)
FNDA:2,(anonymous_5)
FNDA:1,(anonymous_6)
FNDA:1,(anonymous_7)
FNDA:1,(anonymous_8)
FNDA:2,(anonymous_9)
DA:1,1
DA:2,1
DA:5,1
DA:6,7
DA:9,1
DA:13,2
DA:17,1
DA:18,1
DA:22,1
DA:23,1
DA:27,1
DA:28,1
DA:32,1
DA:36,2
LF:14
LH:14
BRDA:11,0,0,1
BRDA:34,1,0,1
BRF:2
BRH:2
end_of_record
TN:
SF:src\modules\reporting\reporting.module.ts
FNF:0
FNH:0
DA:1,0
DA:2,0
DA:3,0
DA:4,0
DA:5,0
DA:6,0
DA:19,0
LF:7
LH:0
BRF:0
BRH:0
end_of_record
TN:
SF:src\modules\reporting\reporting.service.ts
FN:22,(anonymous_4)
FN:31,(anonymous_5)
FN:45,(anonymous_6)
FN:49,(anonymous_7)
FN:77,(anonymous_8)
FN:83,(anonymous_9)
FN:89,(anonymous_10)
FN:92,(anonymous_11)
FN:95,(anonymous_12)
FN:99,(anonymous_13)
FN:111,(anonymous_14)
FN:117,(anonymous_15)
FN:118,(anonymous_16)
FN:121,(anonymous_17)
FN:125,(anonymous_18)
FN:129,(anonymous_19)
FN:152,(anonymous_20)
FN:164,(anonymous_21)
FN:165,(anonymous_22)
FN:166,(anonymous_23)
FN:175,(anonymous_24)
FN:196,(anonymous_25)
FN:199,(anonymous_26)
FN:205,(anonymous_27)
FN:208,(anonymous_28)
FN:214,(anonymous_29)
FNF:26
FNH:26
FNDA:21,(anonymous_4)
FNDA:11,(anonymous_5)
FNDA:30,(anonymous_6)
FNDA:30,(anonymous_7)
FNDA:8,(anonymous_8)
FNDA:22,(anonymous_9)
FNDA:22,(anonymous_10)
FNDA:7,(anonymous_11)
FNDA:7,(anonymous_12)
FNDA:22,(anonymous_13)
FNDA:12,(anonymous_14)
FNDA:36,(anonymous_15)
FNDA:36,(anonymous_16)
FNDA:36,(anonymous_17)
FNDA:12,(anonymous_18)
FNDA:12,(anonymous_19)
FNDA:5,(anonymous_20)
FNDA:15,(anonymous_21)
FNDA:15,(anonymous_22)
FNDA:15,(anonymous_23)
FNDA:3,(anonymous_24)
FNDA:11,(anonymous_25)
FNDA:22,(anonymous_26)
FNDA:11,(anonymous_27)
FNDA:33,(anonymous_28)
FNDA:12,(anonymous_29)
DA:1,4
DA:2,4
DA:3,4
DA:4,4
DA:5,4
DA:21,4
DA:24,21
DA:25,21
DA:32,11
DA:33,11
DA:36,11
DA:44,11
DA:45,30
DA:48,11
DA:49,30
DA:54,11
DA:56,11
DA:78,8
DA:79,8
DA:83,22
DA:85,8
DA:89,22
DA:92,7
DA:95,7
DA:99,22
DA:112,12
DA:113,12
DA:117,36
DA:118,36
DA:120,12
DA:121,36
DA:124,12
DA:125,12
DA:128,12
DA:129,12
DA:134,12
DA:138,12
DA:153,5
DA:154,5
DA:155,5
DA:156,5
DA:158,5
DA:164,15
DA:165,15
DA:166,15
DA:176,3
DA:178,3
DA:179,2
DA:183,1
DA:184,1
DA:191,1
DA:197,11
DA:198,11
DA:199,22
DA:202,11
DA:206,11
DA:207,11
DA:208,33
DA:211,11
DA:215,12
DA:223,12
DA:224,36
DA:225,12
DA:229,12
LF:64
LH:64
BRDA:31,0,0,10
BRDA:45,1,0,30
BRDA:45,1,1,0
BRDA:49,2,0,30
BRDA:49,2,1,0
BRDA:89,3,0,22
BRDA:89,3,1,0
BRDA:92,4,0,7
BRDA:92,4,1,0
BRDA:95,5,0,7
BRDA:95,5,1,0
BRDA:121,6,0,36
BRDA:121,6,1,0
BRDA:125,7,0,12
BRDA:125,7,1,0
BRDA:129,8,0,12
BRDA:129,8,1,0
BRDA:134,9,0,11
BRDA:134,9,1,1
BRDA:175,10,0,1
BRDA:178,11,0,2
BRDA:197,12,0,0
BRDA:206,13,0,0
BRDA:224,14,0,12
BRDA:225,15,0,12
BRDA:225,15,1,12
BRDA:225,16,0,12
BRDA:225,16,1,0
BRF:28
BRH:17
end_of_record
TN:
SF:src\modules\resource-analysis\resource-analysis.controller.ts
FN:6,(anonymous_4)
FN:11,(anonymous_5)
FN:16,(anonymous_6)
FN:21,(anonymous_7)
FN:26,(anonymous_8)
FN:31,(anonymous_9)
FNF:6
FNH:6
FNDA:5,(anonymous_4)
FNDA:1,(anonymous_5)
FNDA:1,(anonymous_6)
FNDA:1,(anonymous_7)
FNDA:1,(anonymous_8)
FNDA:1,(anonymous_9)
DA:1,1
DA:2,1
DA:5,1
DA:7,5
DA:11,1
DA:12,1
DA:16,1
DA:17,1
DA:21,1
DA:22,1
DA:26,1
DA:27,1
DA:31,1
DA:32,1
LF:14
LH:14
BRF:0
BRH:0
end_of_record
TN:
SF:src\modules\resource-analysis\resource-analysis.module.ts
FNF:0
FNH:0
DA:1,0
DA:2,0
DA:3,0
DA:4,0
DA:5,0
DA:6,0
DA:7,0
DA:8,0
DA:9,0
DA:25,0
LF:10
LH:0
BRF:0
BRH:0
end_of_record
TN:
SF:src\modules\resource-analysis\resource-analysis.service.ts
FN:30,(anonymous_4)
FN:37,(anonymous_5)
FN:43,(anonymous_6)
FN:44,(anonymous_7)
FN:54,(anonymous_8)
FN:83,(anonymous_9)
FN:93,(anonymous_10)
FN:95,(anonymous_11)
FN:96,(anonymous_12)
FN:100,(anonymous_13)
FN:103,(anonymous_14)
FN:114,(anonymous_15)
FN:118,(anonymous_16)
FN:122,(anonymous_17)
FN:137,(anonymous_18)
FN:143,(anonymous_19)
FN:170,(anonymous_20)
FN:173,(anonymous_21)
FN:176,(anonymous_22)
FN:182,(anonymous_23)
FN:199,(anonymous_24)
FN:211,(anonymous_25)
FN:239,(anonymous_26)
FN:244,(anonymous_27)
FNF:24
FNH:24
FNDA:19,(anonymous_4)
FNDA:7,(anonymous_5)
FNDA:11,(anonymous_6)
FNDA:5,(anonymous_7)
FNDA:8,(anonymous_8)
FNDA:7,(anonymous_9)
FNDA:7,(anonymous_10)
FNDA:14,(anonymous_11)
FNDA:14,(anonymous_12)
FNDA:8,(anonymous_13)
FNDA:21,(anonymous_14)
FNDA:8,(anonymous_15)
FNDA:11,(anonymous_16)
FNDA:16,(anonymous_17)
FNDA:4,(anonymous_18)
FNDA:1,(anonymous_19)
FNDA:7,(anonymous_20)
FNDA:14,(anonymous_21)
FNDA:21,(anonymous_22)
FNDA:4,(anonymous_23)
FNDA:12,(anonymous_24)
FNDA:3,(anonymous_25)
FNDA:7,(anonymous_26)
FNDA:6,(anonymous_27)
DA:1,10
DA:2,10
DA:3,10
DA:4,10
DA:5,10
DA:6,10
DA:7,10
DA:29,10
DA:31,19
DA:32,19
DA:33,19
DA:34,19
DA:38,7
DA:42,7
DA:43,11
DA:44,5
DA:55,8
DA:56,8
DA:58,8
DA:65,8
DA:66,1
DA:69,7
DA:70,7
DA:71,14
DA:72,14
DA:73,14
DA:75,14
DA:76,14
DA:77,14
DA:78,14
DA:79,14
DA:82,7
DA:84,7
DA:85,7
DA:86,7
DA:90,7
DA:92,7
DA:93,7
DA:95,14
DA:96,14
DA:101,8
DA:103,21
DA:115,8
DA:116,8
DA:118,8
DA:119,11
DA:122,8
DA:123,16
DA:126,8
DA:138,4
DA:143,1
DA:146,4
DA:147,4
DA:148,4
DA:150,4
DA:171,7
DA:172,7
DA:173,14
DA:177,21
DA:178,14
DA:179,7
DA:189,4
DA:191,4
DA:192,4
DA:195,4
DA:196,4
DA:199,12
DA:200,4
DA:201,4
DA:204,4
DA:205,3
DA:208,4
DA:212,3
DA:213,3
DA:215,3
DA:216,3
DA:217,3
DA:218,1
DA:220,3
DA:221,1
DA:225,3
DA:226,2
DA:227,2
DA:228,1
DA:232,3
DA:233,3
DA:236,3
DA:240,7
DA:241,6
DA:245,6
DA:246,4
LF:91
LH:91
BRDA:54,0,0,7
BRDA:65,1,0,1
BRDA:72,2,0,14
BRDA:75,3,0,14
BRDA:75,3,1,0
BRDA:76,4,0,14
BRDA:76,4,1,0
BRDA:77,5,0,14
BRDA:77,5,1,0
BRDA:78,6,0,14
BRDA:78,6,1,0
BRDA:79,7,0,14
BRDA:79,7,1,0
BRDA:84,8,0,7
BRDA:84,8,1,0
BRDA:85,9,0,7
BRDA:85,9,1,0
BRDA:95,10,0,14
BRDA:95,10,1,0
BRDA:96,11,0,14
BRDA:96,11,1,0
BRDA:119,12,0,11
BRDA:119,12,1,0
BRDA:131,13,0,7
BRDA:131,13,1,1
BRDA:132,14,0,7
BRDA:132,14,1,1
BRDA:160,15,0,3
BRDA:160,15,1,1
BRDA:172,16,0,0
BRDA:177,17,0,7
BRDA:178,18,0,7
BRDA:191,19,0,4
BRDA:195,20,0,4
BRDA:200,21,0,4
BRDA:204,22,0,3
BRDA:215,23,0,3
BRDA:217,24,0,1
BRDA:220,25,0,1
BRDA:225,26,0,2
BRDA:227,27,0,1
BRDA:227,28,0,2
BRDA:227,28,1,1
BRDA:232,29,0,3
BRDA:232,30,0,3
BRDA:232,30,1,3
BRDA:232,30,2,3
BRDA:240,31,0,1
BRDA:240,32,0,7
BRDA:240,32,1,6
BRDA:245,33,0,2
BRDA:245,34,0,6
BRDA:245,34,1,5
BRF:53
BRH:42
end_of_record
TN:
SF:src\schemas\alert.schema.ts
FNF:0
FNH:0
DA:1,6
DA:2,6
DA:5,6
DA:7,6
DA:10,6
DA:13,6
DA:16,6
DA:19,6
DA:22,6
DA:25,6
DA:28,6
DA:31,6
DA:35,6
DA:38,6
DA:41,6
LF:15
LH:15
BRF:0
BRH:0
end_of_record
TN:
SF:src\schemas\energy-consumption.schema.ts
FNF:0
FNH:0
DA:1,12
DA:2,12
DA:5,12
DA:7,12
DA:10,12
DA:13,12
DA:16,12
DA:19,12
DA:22,12
DA:25,12
DA:28,12
DA:31,12
DA:34,12
LF:13
LH:13
BRF:0
BRH:0
end_of_record
TN:
SF:src\schemas\equipment.schema.ts
FNF:0
FNH:0
DA:1,12
DA:2,12
DA:5,12
DA:7,12
DA:10,12
DA:13,12
DA:16,12
DA:19,12
DA:22,12
DA:25,12
DA:28,12
DA:31,12
DA:34,12
DA:37,12
LF:14
LH:14
BRF:0
BRH:0
end_of_record
TN:
SF:src\schemas\recommendation.schema.ts
FNF:0
FNH:0
DA:1,4
DA:2,4
DA:5,4
DA:7,4
DA:10,4
DA:13,4
DA:16,4
DA:29,4
DA:32,4
DA:35,4
DA:38,4
DA:41,4
DA:44,4
DA:47,4
DA:50,4
DA:53,4
DA:56,4
DA:59,4
DA:63,4
DA:66,4
DA:68,4
LF:21
LH:21
BRF:0
BRH:0
end_of_record
TN:
SF:src\schemas\usage-data.schema.ts
FNF:0
FNH:0
DA:1,2
DA:2,2
DA:5,2
DA:7,2
DA:10,2
DA:13,2
DA:16,2
DA:19,2
DA:22,2
DA:25,2
DA:28,2
DA:31,2
DA:34,2
DA:37,2
LF:14
LH:14
BRF:0
BRH:0
end_of_record
TN:
SF:src\schemas\worker.schema.ts
FNF:0
FNH:0
DA:1,12
DA:2,12
DA:5,12
DA:7,12
DA:10,12
DA:13,12
DA:16,12
DA:19,12
DA:22,12
DA:25,12
DA:28,12
DA:31,12
DA:34,12
LF:13
LH:13
BRF:0
BRH:0
end_of_record
