TN:
SF:src\app.module.ts
FNF:0
FNH:0
DA:1,0
DA:2,0
DA:3,0
DA:4,0
DA:6,0
DA:7,0
DA:8,0
DA:9,0
DA:10,0
DA:11,0
DA:12,0
DA:13,0
DA:14,0
DA:42,0
LF:14
LH:0
BRDA:27,0,0,0
BRDA:27,0,1,0
BRF:2
BRH:0
end_of_record
TN:
SF:src\index.ts
FN:17,(anonymous_4)
FNF:1
FNH:0
FNDA:0,(anonymous_4)
DA:2,0
DA:3,0
DA:6,0
DA:7,0
DA:8,0
DA:11,0
DA:12,0
DA:13,0
DA:16,0
DA:17,0
DA:18,0
DA:21,0
DA:22,0
DA:23,0
DA:26,0
DA:27,0
DA:28,0
DA:31,0
DA:32,0
DA:33,0
DA:34,0
DA:35,0
DA:36,0
DA:39,0
DA:40,0
DA:41,0
DA:42,0
LF:27
LH:0
BRF:0
BRH:0
end_of_record
TN:
SF:src\main.ts
FN:4,bootstrap
FNF:1
FNH:0
FNDA:0,bootstrap
DA:1,0
DA:2,0
DA:5,0
DA:7,0
DA:8,0
DA:10,0
DA:11,0
DA:12,0
DA:15,0
LF:9
LH:0
BRDA:10,0,0,0
BRDA:10,0,1,0
BRF:2
BRH:0
end_of_record
TN:
SF:src\ai\ai-recommendation.service.ts
FN:31,(anonymous_1)
FN:34,(anonymous_2)
FN:50,(anonymous_3)
FN:57,(anonymous_4)
FN:90,(anonymous_5)
FN:94,(anonymous_6)
FN:100,(anonymous_7)
FN:108,(anonymous_8)
FN:114,(anonymous_9)
FN:115,(anonymous_10)
FN:116,(anonymous_11)
FN:128,(anonymous_12)
FN:132,(anonymous_13)
FN:138,(anonymous_14)
FN:152,(anonymous_15)
FN:156,(anonymous_16)
FN:162,(anonymous_17)
FN:178,(anonymous_18)
FN:179,(anonymous_19)
FN:182,(anonymous_20)
FN:184,(anonymous_21)
FN:196,(anonymous_22)
FN:203,(anonymous_23)
FN:222,(anonymous_24)
FN:281,(anonymous_25)
FN:302,(anonymous_26)
FN:338,(anonymous_27)
FN:377,(anonymous_28)
FN:419,(anonymous_29)
FN:429,(anonymous_30)
FN:435,(anonymous_31)
FN:436,(anonymous_32)
FN:437,(anonymous_33)
FN:438,(anonymous_34)
FN:439,(anonymous_35)
FN:462,(anonymous_36)
FN:485,(anonymous_37)
FN:507,(anonymous_38)
FN:568,(anonymous_39)
FN:573,(anonymous_40)
FN:607,(anonymous_41)
FN:612,(anonymous_42)
FN:614,(anonymous_43)
FN:615,(anonymous_44)
FN:631,(anonymous_45)
FN:656,(anonymous_46)
FN:662,(anonymous_47)
FN:665,(anonymous_48)
FN:686,(anonymous_49)
FN:705,(anonymous_50)
FN:725,(anonymous_51)
FN:746,(anonymous_52)
FN:756,(anonymous_53)
FN:801,(anonymous_54)
FN:804,(anonymous_55)
FNF:55
FNH:0
FNDA:0,(anonymous_1)
FNDA:0,(anonymous_2)
FNDA:0,(anonymous_3)
FNDA:0,(anonymous_4)
FNDA:0,(anonymous_5)
FNDA:0,(anonymous_6)
FNDA:0,(anonymous_7)
FNDA:0,(anonymous_8)
FNDA:0,(anonymous_9)
FNDA:0,(anonymous_10)
FNDA:0,(anonymous_11)
FNDA:0,(anonymous_12)
FNDA:0,(anonymous_13)
FNDA:0,(anonymous_14)
FNDA:0,(anonymous_15)
FNDA:0,(anonymous_16)
FNDA:0,(anonymous_17)
FNDA:0,(anonymous_18)
FNDA:0,(anonymous_19)
FNDA:0,(anonymous_20)
FNDA:0,(anonymous_21)
FNDA:0,(anonymous_22)
FNDA:0,(anonymous_23)
FNDA:0,(anonymous_24)
FNDA:0,(anonymous_25)
FNDA:0,(anonymous_26)
FNDA:0,(anonymous_27)
FNDA:0,(anonymous_28)
FNDA:0,(anonymous_29)
FNDA:0,(anonymous_30)
FNDA:0,(anonymous_31)
FNDA:0,(anonymous_32)
FNDA:0,(anonymous_33)
FNDA:0,(anonymous_34)
FNDA:0,(anonymous_35)
FNDA:0,(anonymous_36)
FNDA:0,(anonymous_37)
FNDA:0,(anonymous_38)
FNDA:0,(anonymous_39)
FNDA:0,(anonymous_40)
FNDA:0,(anonymous_41)
FNDA:0,(anonymous_42)
FNDA:0,(anonymous_43)
FNDA:0,(anonymous_44)
FNDA:0,(anonymous_45)
FNDA:0,(anonymous_46)
FNDA:0,(anonymous_47)
FNDA:0,(anonymous_48)
FNDA:0,(anonymous_49)
FNDA:0,(anonymous_50)
FNDA:0,(anonymous_51)
FNDA:0,(anonymous_52)
FNDA:0,(anonymous_53)
FNDA:0,(anonymous_54)
FNDA:0,(anonymous_55)
DA:1,1
DA:31,1
DA:32,0
DA:35,0
DA:37,0
DA:40,0
DA:50,0
DA:52,0
DA:53,0
DA:58,0
DA:59,0
DA:60,0
DA:63,0
DA:66,0
DA:69,0
DA:72,0
DA:74,0
DA:91,0
DA:92,0
DA:94,0
DA:95,0
DA:96,0
DA:98,0
DA:100,0
DA:101,0
DA:106,0
DA:107,0
DA:108,0
DA:109,0
DA:113,0
DA:114,0
DA:115,0
DA:116,0
DA:118,0
DA:129,0
DA:132,0
DA:138,0
DA:139,0
DA:140,0
DA:142,0
DA:153,0
DA:156,0
DA:157,0
DA:162,0
DA:163,0
DA:164,0
DA:165,0
DA:166,0
DA:168,0
DA:178,0
DA:179,0
DA:182,0
DA:183,0
DA:184,0
DA:187,0
DA:197,0
DA:198,0
DA:199,0
DA:202,0
DA:203,0
DA:205,0
DA:206,0
DA:209,0
DA:210,0
DA:213,0
DA:223,0
DA:224,0
DA:225,0
DA:227,0
DA:228,0
DA:243,0
DA:244,0
DA:259,0
DA:260,0
DA:261,0
DA:262,0
DA:278,0
DA:282,0
DA:283,0
DA:285,0
DA:286,0
DA:302,0
DA:303,0
DA:304,0
DA:305,0
DA:318,0
DA:319,0
DA:335,0
DA:339,0
DA:340,0
DA:342,0
DA:343,0
DA:358,0
DA:359,0
DA:374,0
DA:378,0
DA:379,0
DA:381,0
DA:382,0
DA:397,0
DA:398,0
DA:413,0
DA:424,0
DA:425,0
DA:429,0
DA:430,0
DA:433,0
DA:435,0
DA:436,0
DA:437,0
DA:438,0
DA:439,0
DA:442,0
DA:443,0
DA:444,0
DA:461,0
DA:462,0
DA:463,0
DA:464,0
DA:465,0
DA:466,0
DA:484,0
DA:485,0
DA:486,0
DA:487,0
DA:488,0
DA:506,0
DA:507,0
DA:508,0
DA:509,0
DA:510,0
DA:528,0
DA:529,0
DA:530,0
DA:547,0
DA:548,0
DA:549,0
DA:565,0
DA:569,0
DA:570,0
DA:574,0
DA:608,0
DA:609,0
DA:610,0
DA:612,0
DA:613,0
DA:614,0
DA:615,0
DA:616,0
DA:619,0
DA:620,0
DA:625,0
DA:632,0
DA:633,0
DA:636,0
DA:637,0
DA:652,0
DA:656,0
DA:657,0
DA:658,0
DA:662,0
DA:663,0
DA:665,0
DA:666,0
DA:667,0
DA:668,0
DA:672,0
DA:673,0
DA:686,0
DA:691,0
DA:692,0
DA:705,0
DA:710,0
DA:711,0
DA:712,0
DA:725,0
DA:731,0
DA:732,0
DA:733,0
DA:746,0
DA:750,0
DA:758,0
DA:760,0
DA:762,0
DA:763,0
DA:765,0
DA:766,0
DA:768,0
DA:769,0
DA:771,0
DA:772,0
DA:776,0
DA:777,0
DA:779,0
DA:780,0
DA:782,0
DA:783,0
DA:785,0
DA:786,0
DA:791,0
DA:792,0
DA:795,0
DA:802,0
DA:804,0
DA:806,0
DA:808,0
DA:809,0
DA:810,0
DA:811,0
DA:813,0
DA:817,0
LF:211
LH:2
BRDA:46,0,0,0
BRDA:46,0,1,0
BRDA:46,1,0,0
BRDA:46,1,1,0
BRDA:58,2,0,0
BRDA:58,2,1,0
BRDA:59,3,0,0
BRDA:59,3,1,0
BRDA:82,4,0,0
BRDA:82,4,1,0
BRDA:83,5,0,0
BRDA:83,5,1,0
BRDA:84,6,0,0
BRDA:84,6,1,0
BRDA:85,7,0,0
BRDA:85,7,1,0
BRDA:86,8,0,0
BRDA:86,8,1,0
BRDA:96,9,0,0
BRDA:96,9,1,0
BRDA:101,10,0,0
BRDA:101,10,1,0
BRDA:109,11,0,0
BRDA:109,11,1,0
BRDA:114,12,0,0
BRDA:114,12,1,0
BRDA:124,13,0,0
BRDA:124,13,1,0
BRDA:129,14,0,0
BRDA:129,14,1,0
BRDA:134,15,0,0
BRDA:134,15,1,0
BRDA:134,16,0,0
BRDA:134,16,1,0
BRDA:140,17,0,0
BRDA:140,17,1,0
BRDA:157,18,0,0
BRDA:157,18,1,0
BRDA:157,18,2,0
BRDA:166,19,0,0
BRDA:166,19,1,0
BRDA:183,20,0,0
BRDA:183,20,1,0
BRDA:192,21,0,0
BRDA:192,21,1,0
BRDA:199,22,0,0
BRDA:199,22,1,0
BRDA:203,23,0,0
BRDA:203,23,1,0
BRDA:205,24,0,0
BRDA:209,25,0,0
BRDA:225,26,0,0
BRDA:225,26,1,0
BRDA:227,27,0,0
BRDA:243,28,0,0
BRDA:259,29,0,0
BRDA:259,30,0,0
BRDA:259,30,1,0
BRDA:260,31,0,0
BRDA:260,31,1,0
BRDA:261,32,0,0
BRDA:285,33,0,0
BRDA:304,34,0,0
BRDA:304,34,1,0
BRDA:318,35,0,0
BRDA:318,36,0,0
BRDA:318,36,1,0
BRDA:342,37,0,0
BRDA:358,38,0,0
BRDA:358,39,0,0
BRDA:358,39,1,0
BRDA:381,40,0,0
BRDA:397,41,0,0
BRDA:425,42,0,0
BRDA:425,43,0,0
BRDA:425,43,1,0
BRDA:430,44,0,0
BRDA:430,44,1,0
BRDA:433,45,0,0
BRDA:442,46,0,0
BRDA:461,47,0,0
BRDA:462,48,0,0
BRDA:462,48,1,0
BRDA:463,49,0,0
BRDA:484,50,0,0
BRDA:485,51,0,0
BRDA:485,51,1,0
BRDA:486,52,0,0
BRDA:506,53,0,0
BRDA:507,54,0,0
BRDA:507,54,1,0
BRDA:508,55,0,0
BRDA:528,56,0,0
BRDA:547,57,0,0
BRDA:570,58,0,0
BRDA:570,58,1,0
BRDA:609,59,0,0
BRDA:609,59,1,0
BRDA:610,60,0,0
BRDA:610,60,1,0
BRDA:613,61,0,0
BRDA:613,62,0,0
BRDA:613,62,1,0
BRDA:616,63,0,0
BRDA:616,63,1,0
BRDA:616,63,2,0
BRDA:633,64,0,0
BRDA:633,64,1,0
BRDA:633,64,2,0
BRDA:633,65,0,0
BRDA:633,65,1,0
BRDA:633,66,0,0
BRDA:633,66,1,0
BRDA:636,67,0,0
BRDA:663,68,0,0
BRDA:663,68,1,0
BRDA:666,69,0,0
BRDA:672,70,0,0
BRDA:686,71,0,0
BRDA:686,71,1,0
BRDA:691,72,0,0
BRDA:705,73,0,0
BRDA:705,73,1,0
BRDA:711,74,0,0
BRDA:725,75,0,0
BRDA:725,75,1,0
BRDA:732,76,0,0
BRDA:746,77,0,0
BRDA:746,77,1,0
BRDA:760,78,0,0
BRDA:760,78,1,0
BRDA:760,78,2,0
BRDA:760,78,3,0
BRDA:776,79,0,0
BRDA:777,80,0,0
BRDA:777,80,1,0
BRDA:777,80,2,0
BRDA:791,81,0,0
BRDA:791,82,0,0
BRDA:791,82,1,0
BRDA:808,83,0,0
BRDA:808,83,1,0
BRDA:808,84,0,0
BRDA:808,84,1,0
BRDA:810,85,0,0
BRDA:810,85,1,0
BRDA:810,86,0,0
BRDA:810,86,1,0
BRF:148
BRH:0
end_of_record
TN:
SF:src\ai\ai.module.ts
FNF:0
FNH:0
DA:1,0
DA:2,0
DA:8,0
LF:3
LH:0
BRF:0
BRH:0
end_of_record
TN:
SF:src\chat\chat.controller.ts
FN:11,(anonymous_4)
FN:15,(anonymous_5)
FNF:2
FNH:0
FNDA:0,(anonymous_4)
FNDA:0,(anonymous_5)
DA:1,0
DA:2,0
DA:10,0
DA:11,0
DA:15,0
DA:16,0
LF:6
LH:0
BRDA:16,0,0,0
BRDA:16,0,1,0
BRF:2
BRH:0
end_of_record
TN:
SF:src\chat\chat.module.ts
FNF:0
FNH:0
DA:1,0
DA:2,0
DA:3,0
DA:4,0
DA:12,0
LF:5
LH:0
BRF:0
BRH:0
end_of_record
TN:
SF:src\chat\chat.service.ts
FN:11,(anonymous_2)
FN:18,(anonymous_3)
FN:28,(anonymous_4)
FN:42,(anonymous_5)
FNF:4
FNH:0
FNDA:0,(anonymous_2)
FNDA:0,(anonymous_3)
FNDA:0,(anonymous_4)
FNDA:0,(anonymous_5)
DA:1,0
DA:2,0
DA:3,0
DA:6,0
DA:7,0
DA:9,0
DA:11,0
DA:12,0
DA:19,0
DA:20,0
DA:21,0
DA:22,0
DA:24,0
DA:32,0
DA:33,0
DA:35,0
DA:36,0
DA:39,0
DA:40,0
DA:42,0
DA:49,0
DA:56,0
DA:57,0
DA:59,0
DA:60,0
LF:25
LH:0
BRDA:13,0,0,0
BRDA:13,0,1,0
BRDA:19,1,0,0
BRDA:19,1,1,0
BRDA:20,2,0,0
BRDA:20,2,1,0
BRDA:21,3,0,0
BRDA:21,3,1,0
BRDA:30,4,0,0
BRDA:32,5,0,0
BRDA:32,5,1,0
BRDA:33,6,0,0
BRDA:33,6,1,0
BRDA:35,7,0,0
BRDA:56,8,0,0
BRDA:56,8,1,0
BRDA:59,9,0,0
BRDA:59,9,1,0
BRDA:60,10,0,0
BRDA:60,10,1,0
BRF:20
BRH:0
end_of_record
TN:
SF:src\dto\alert.dto.ts
FNF:0
FNH:0
DA:1,0
DA:3,0
DA:16,0
DA:19,0
LF:4
LH:0
BRF:0
BRH:0
end_of_record
TN:
SF:src\dto\energy-consumption.dto.ts
FN:8,(anonymous_2)
FNF:1
FNH:0
FNDA:0,(anonymous_2)
DA:1,0
DA:2,0
DA:4,0
DA:6,0
DA:8,0
DA:10,0
DA:14,0
DA:18,0
DA:22,0
DA:26,0
DA:30,0
DA:33,0
LF:12
LH:0
BRF:0
BRH:0
end_of_record
TN:
SF:src\dto\equipment.dto.ts
FNF:0
FNH:0
DA:1,0
DA:3,0
DA:5,0
DA:8,0
DA:11,0
DA:15,0
DA:19,0
DA:22,0
DA:25,0
DA:29,0
DA:33,0
DA:37,0
DA:40,0
LF:13
LH:0
BRF:0
BRH:0
end_of_record
TN:
SF:src\dto\recommendation.dto.ts
FNF:0
FNH:0
DA:1,0
DA:3,0
DA:6,0
DA:10,0
DA:14,0
DA:17,0
DA:30,0
DA:33,0
DA:37,0
DA:41,0
DA:45,0
DA:48,0
DA:51,0
DA:53,0
DA:56,0
LF:15
LH:0
BRF:0
BRH:0
end_of_record
TN:
SF:src\dto\worker.dto.ts
FNF:0
FNH:0
DA:1,0
DA:3,0
DA:5,0
DA:8,0
DA:11,0
DA:14,0
DA:18,0
DA:22,0
DA:25,0
DA:28,0
DA:32,0
DA:35,0
LF:12
LH:0
BRF:0
BRH:0
end_of_record
TN:
SF:src\modules\alert\alert.controller.ts
FN:6,(anonymous_4)
FN:9,(anonymous_5)
FN:14,(anonymous_6)
FN:19,(anonymous_7)
FN:24,(anonymous_8)
FN:29,(anonymous_9)
FN:34,(anonymous_10)
FN:39,(anonymous_11)
FN:44,(anonymous_12)
FNF:9
FNH:0
FNDA:0,(anonymous_4)
FNDA:0,(anonymous_5)
FNDA:0,(anonymous_6)
FNDA:0,(anonymous_7)
FNDA:0,(anonymous_8)
FNDA:0,(anonymous_9)
FNDA:0,(anonymous_10)
FNDA:0,(anonymous_11)
FNDA:0,(anonymous_12)
DA:1,0
DA:2,0
DA:5,0
DA:6,0
DA:9,0
DA:10,0
DA:14,0
DA:15,0
DA:19,0
DA:20,0
DA:24,0
DA:25,0
DA:29,0
DA:30,0
DA:34,0
DA:35,0
DA:39,0
DA:40,0
DA:44,0
DA:45,0
LF:20
LH:0
BRF:0
BRH:0
end_of_record
TN:
SF:src\modules\alert\alert.module.ts
FNF:0
FNH:0
DA:1,0
DA:2,0
DA:3,0
DA:4,0
DA:5,0
DA:6,0
DA:17,0
LF:7
LH:0
BRF:0
BRH:0
end_of_record
TN:
SF:src\modules\alert\alert.service.ts
FN:9,(anonymous_4)
FN:17,(anonymous_5)
FN:40,(anonymous_6)
FN:88,(anonymous_7)
FN:123,(anonymous_8)
FN:133,(anonymous_9)
FN:143,(anonymous_10)
FN:154,(anonymous_11)
FN:163,(anonymous_12)
FN:176,(anonymous_13)
FN:190,(anonymous_14)
FN:195,(anonymous_15)
FN:196,(anonymous_16)
FN:197,(anonymous_17)
FN:198,(anonymous_18)
FN:199,(anonymous_19)
FN:201,(anonymous_20)
FN:202,(anonymous_21)
FN:203,(anonymous_22)
FN:204,(anonymous_23)
FN:205,(anonymous_24)
FNF:21
FNH:0
FNDA:0,(anonymous_4)
FNDA:0,(anonymous_5)
FNDA:0,(anonymous_6)
FNDA:0,(anonymous_7)
FNDA:0,(anonymous_8)
FNDA:0,(anonymous_9)
FNDA:0,(anonymous_10)
FNDA:0,(anonymous_11)
FNDA:0,(anonymous_12)
FNDA:0,(anonymous_13)
FNDA:0,(anonymous_14)
FNDA:0,(anonymous_15)
FNDA:0,(anonymous_16)
FNDA:0,(anonymous_17)
FNDA:0,(anonymous_18)
FNDA:0,(anonymous_19)
FNDA:0,(anonymous_20)
FNDA:0,(anonymous_21)
FNDA:0,(anonymous_22)
FNDA:0,(anonymous_23)
FNDA:0,(anonymous_24)
DA:1,1
DA:2,1
DA:3,1
DA:4,1
DA:5,1
DA:8,1
DA:10,0
DA:11,0
DA:25,0
DA:34,0
DA:41,0
DA:42,0
DA:45,0
DA:46,0
DA:55,0
DA:59,0
DA:60,0
DA:69,0
DA:73,0
DA:74,0
DA:83,0
DA:87,0
DA:88,0
DA:90,0
DA:91,0
DA:100,0
DA:104,0
DA:105,0
DA:114,0
DA:117,0
DA:124,0
DA:134,0
DA:144,0
DA:155,0
DA:164,0
DA:177,0
DA:191,0
DA:193,0
DA:195,0
DA:196,0
DA:197,0
DA:198,0
DA:199,0
DA:201,0
DA:202,0
DA:203,0
DA:204,0
DA:205,0
DA:209,0
LF:49
LH:6
BRDA:45,0,0,0
BRDA:59,1,0,0
BRDA:73,2,0,0
BRDA:90,3,0,0
BRDA:104,4,0,0
BRDA:143,5,0,0
BRF:6
BRH:0
end_of_record
TN:
SF:src\modules\data-collection\data-collection.controller.ts
FN:12,(anonymous_4)
FN:17,(anonymous_5)
FN:22,(anonymous_6)
FN:27,(anonymous_7)
FN:32,(anonymous_8)
FN:40,(anonymous_9)
FN:47,(anonymous_10)
FN:52,(anonymous_11)
FN:57,(anonymous_12)
FN:62,(anonymous_13)
FN:70,(anonymous_14)
FN:77,(anonymous_15)
FN:86,(anonymous_16)
FNF:13
FNH:0
FNDA:0,(anonymous_4)
FNDA:0,(anonymous_5)
FNDA:0,(anonymous_6)
FNDA:0,(anonymous_7)
FNDA:0,(anonymous_8)
FNDA:0,(anonymous_9)
FNDA:0,(anonymous_10)
FNDA:0,(anonymous_11)
FNDA:0,(anonymous_12)
FNDA:0,(anonymous_13)
FNDA:0,(anonymous_14)
FNDA:0,(anonymous_15)
FNDA:0,(anonymous_16)
DA:1,0
DA:2,0
DA:3,0
DA:7,0
DA:8,0
DA:11,0
DA:12,0
DA:17,0
DA:18,0
DA:22,0
DA:23,0
DA:27,0
DA:28,0
DA:32,0
DA:36,0
DA:40,0
DA:41,0
DA:47,0
DA:48,0
DA:52,0
DA:53,0
DA:57,0
DA:58,0
DA:62,0
DA:66,0
DA:70,0
DA:71,0
DA:77,0
DA:80,0
DA:86,0
DA:90,0
LF:31
LH:0
BRDA:88,0,0,0
BRF:1
BRH:0
end_of_record
TN:
SF:src\modules\data-collection\data-collection.module.ts
FNF:0
FNH:0
DA:1,0
DA:2,0
DA:3,0
DA:4,0
DA:5,0
DA:6,0
DA:7,0
DA:8,0
DA:23,0
LF:9
LH:0
BRF:0
BRH:0
end_of_record
TN:
SF:src\modules\data-collection\data-collection.service.ts
FN:17,(anonymous_4)
FN:27,(anonymous_5)
FN:32,(anonymous_6)
FN:36,(anonymous_7)
FN:40,(anonymous_8)
FN:46,(anonymous_9)
FN:52,(anonymous_10)
FN:57,(anonymous_11)
FN:61,(anonymous_12)
FN:65,(anonymous_13)
FN:71,(anonymous_14)
FN:77,(anonymous_15)
FN:94,(anonymous_16)
FN:108,(anonymous_17)
FN:127,(anonymous_18)
FNF:15
FNH:0
FNDA:0,(anonymous_4)
FNDA:0,(anonymous_5)
FNDA:0,(anonymous_6)
FNDA:0,(anonymous_7)
FNDA:0,(anonymous_8)
FNDA:0,(anonymous_9)
FNDA:0,(anonymous_10)
FNDA:0,(anonymous_11)
FNDA:0,(anonymous_12)
FNDA:0,(anonymous_13)
FNDA:0,(anonymous_14)
FNDA:0,(anonymous_15)
FNDA:0,(anonymous_16)
FNDA:0,(anonymous_17)
FNDA:0,(anonymous_18)
DA:1,0
DA:2,0
DA:3,0
DA:4,0
DA:5,0
DA:6,0
DA:7,0
DA:16,0
DA:18,0
DA:19,0
DA:21,0
DA:22,0
DA:28,0
DA:29,0
DA:33,0
DA:37,0
DA:41,0
DA:47,0
DA:53,0
DA:54,0
DA:58,0
DA:62,0
DA:66,0
DA:72,0
DA:80,0
DA:85,0
DA:86,0
DA:89,0
DA:91,0
DA:95,0
DA:96,0
DA:98,0
DA:110,0
DA:112,0
DA:124,0
DA:128,0
DA:129,0
DA:131,0
LF:38
LH:0
BRDA:86,0,0,0
BRDA:86,0,1,0
BRDA:87,1,0,0
BRDA:87,1,1,0
BRDA:94,2,0,0
BRDA:127,3,0,0
BRF:6
BRH:0
end_of_record
TN:
SF:src\modules\external-data\external-data.controller.ts
FN:8,(anonymous_4)
FN:11,(anonymous_5)
FN:17,(anonymous_6)
FN:22,(anonymous_7)
FN:27,(anonymous_8)
FN:32,(anonymous_9)
FN:37,(anonymous_10)
FN:43,(anonymous_11)
FN:48,(anonymous_12)
FN:53,(anonymous_13)
FN:61,(anonymous_14)
FNF:11
FNH:0
FNDA:0,(anonymous_4)
FNDA:0,(anonymous_5)
FNDA:0,(anonymous_6)
FNDA:0,(anonymous_7)
FNDA:0,(anonymous_8)
FNDA:0,(anonymous_9)
FNDA:0,(anonymous_10)
FNDA:0,(anonymous_11)
FNDA:0,(anonymous_12)
FNDA:0,(anonymous_13)
FNDA:0,(anonymous_14)
DA:1,0
DA:2,0
DA:5,0
DA:6,0
DA:8,0
DA:11,0
DA:12,0
DA:13,0
DA:17,0
DA:18,0
DA:22,0
DA:23,0
DA:27,0
DA:28,0
DA:32,0
DA:33,0
DA:37,0
DA:38,0
DA:39,0
DA:43,0
DA:44,0
DA:48,0
DA:49,0
DA:53,0
DA:57,0
DA:61,0
DA:62,0
LF:27
LH:0
BRF:0
BRH:0
end_of_record
TN:
SF:src\modules\external-data\external-data.module.ts
FNF:0
FNH:0
DA:1,0
DA:2,0
DA:3,0
DA:4,0
DA:5,0
DA:19,0
LF:6
LH:0
BRF:0
BRH:0
end_of_record
TN:
SF:src\modules\external-data\external-data.service.ts
FN:138,(anonymous_2)
FN:149,(anonymous_3)
FN:165,(anonymous_4)
FN:179,(anonymous_5)
FN:189,(anonymous_6)
FN:197,(anonymous_7)
FN:212,(anonymous_8)
FN:226,(anonymous_9)
FN:240,(anonymous_10)
FN:254,(anonymous_11)
FN:263,(anonymous_12)
FN:264,(anonymous_13)
FN:265,(anonymous_14)
FN:266,(anonymous_15)
FN:267,(anonymous_16)
FN:287,(anonymous_17)
FN:301,(anonymous_18)
FN:309,(anonymous_19)
FN:325,(anonymous_20)
FN:339,(anonymous_21)
FN:353,(anonymous_22)
FN:367,(anonymous_23)
FN:370,(anonymous_24)
FN:371,(anonymous_25)
FN:372,(anonymous_26)
FN:373,(anonymous_27)
FN:374,(anonymous_28)
FN:376,(anonymous_29)
FN:377,(anonymous_30)
FN:378,(anonymous_31)
FN:379,(anonymous_32)
FN:380,(anonymous_33)
FN:381,(anonymous_34)
FN:382,(anonymous_35)
FN:383,(anonymous_36)
FN:416,(anonymous_37)
FNF:36
FNH:0
FNDA:0,(anonymous_2)
FNDA:0,(anonymous_3)
FNDA:0,(anonymous_4)
FNDA:0,(anonymous_5)
FNDA:0,(anonymous_6)
FNDA:0,(anonymous_7)
FNDA:0,(anonymous_8)
FNDA:0,(anonymous_9)
FNDA:0,(anonymous_10)
FNDA:0,(anonymous_11)
FNDA:0,(anonymous_12)
FNDA:0,(anonymous_13)
FNDA:0,(anonymous_14)
FNDA:0,(anonymous_15)
FNDA:0,(anonymous_16)
FNDA:0,(anonymous_17)
FNDA:0,(anonymous_18)
FNDA:0,(anonymous_19)
FNDA:0,(anonymous_20)
FNDA:0,(anonymous_21)
FNDA:0,(anonymous_22)
FNDA:0,(anonymous_23)
FNDA:0,(anonymous_24)
FNDA:0,(anonymous_25)
FNDA:0,(anonymous_26)
FNDA:0,(anonymous_27)
FNDA:0,(anonymous_28)
FNDA:0,(anonymous_29)
FNDA:0,(anonymous_30)
FNDA:0,(anonymous_31)
FNDA:0,(anonymous_32)
FNDA:0,(anonymous_33)
FNDA:0,(anonymous_34)
FNDA:0,(anonymous_35)
FNDA:0,(anonymous_36)
FNDA:0,(anonymous_37)
DA:1,1
DA:2,1
DA:3,1
DA:4,1
DA:129,1
DA:130,0
DA:139,0
DA:140,0
DA:142,0
DA:143,0
DA:144,0
DA:145,0
DA:146,0
DA:150,0
DA:152,0
DA:153,0
DA:154,0
DA:155,0
DA:158,0
DA:160,0
DA:161,0
DA:166,0
DA:168,0
DA:169,0
DA:172,0
DA:174,0
DA:175,0
DA:180,0
DA:182,0
DA:185,0
DA:186,0
DA:188,0
DA:190,0
DA:191,0
DA:194,0
DA:196,0
DA:197,0
DA:199,0
DA:201,0
DA:205,0
DA:207,0
DA:208,0
DA:213,0
DA:215,0
DA:216,0
DA:219,0
DA:221,0
DA:222,0
DA:227,0
DA:229,0
DA:230,0
DA:233,0
DA:235,0
DA:236,0
DA:241,0
DA:243,0
DA:244,0
DA:247,0
DA:249,0
DA:250,0
DA:255,0
DA:263,0
DA:264,0
DA:265,0
DA:266,0
DA:267,0
DA:269,0
DA:288,0
DA:290,0
DA:291,0
DA:294,0
DA:296,0
DA:297,0
DA:302,0
DA:304,0
DA:305,0
DA:308,0
DA:309,0
DA:320,0
DA:321,0
DA:326,0
DA:328,0
DA:329,0
DA:332,0
DA:334,0
DA:335,0
DA:340,0
DA:342,0
DA:343,0
DA:346,0
DA:348,0
DA:349,0
DA:354,0
DA:366,0
DA:367,0
DA:368,0
DA:370,0
DA:371,0
DA:372,0
DA:373,0
DA:374,0
DA:376,0
DA:377,0
DA:378,0
DA:379,0
DA:380,0
DA:381,0
DA:382,0
DA:383,0
DA:385,0
DA:395,0
DA:417,0
DA:418,0
DA:421,0
DA:423,0
DA:424,0
LF:116
LH:5
BRDA:142,0,0,0
BRDA:142,0,1,0
BRDA:143,1,0,0
BRDA:143,1,1,0
BRDA:144,2,0,0
BRDA:144,2,1,0
BRDA:145,3,0,0
BRDA:145,3,1,0
BRDA:146,4,0,0
BRDA:146,4,1,0
BRDA:150,5,0,0
BRDA:166,6,0,0
BRDA:172,7,0,0
BRDA:172,7,1,0
BRDA:180,8,0,0
BRDA:186,9,0,0
BRDA:194,10,0,0
BRDA:194,10,1,0
BRDA:196,11,0,0
BRDA:196,12,0,0
BRDA:196,12,1,0
BRDA:196,12,2,0
BRDA:197,13,0,0
BRDA:197,13,1,0
BRDA:213,14,0,0
BRDA:219,15,0,0
BRDA:219,15,1,0
BRDA:227,16,0,0
BRDA:233,17,0,0
BRDA:233,17,1,0
BRDA:241,18,0,0
BRDA:247,19,0,0
BRDA:247,19,1,0
BRDA:266,20,0,0
BRDA:266,20,1,0
BRDA:267,21,0,0
BRDA:267,21,1,0
BRDA:276,22,0,0
BRDA:276,22,1,0
BRDA:288,23,0,0
BRDA:302,24,0,0
BRDA:308,25,0,0
BRDA:308,25,1,0
BRDA:308,25,2,0
BRDA:309,26,0,0
BRDA:309,26,1,0
BRDA:310,27,0,0
BRDA:310,27,1,0
BRDA:311,28,0,0
BRDA:311,28,1,0
BRDA:313,29,0,0
BRDA:313,29,1,0
BRDA:315,30,0,0
BRDA:315,30,1,0
BRDA:316,31,0,0
BRDA:316,31,1,0
BRDA:326,32,0,0
BRDA:332,33,0,0
BRDA:332,33,1,0
BRDA:340,34,0,0
BRDA:346,35,0,0
BRDA:346,35,1,0
BRDA:359,36,0,0
BRDA:359,36,1,0
BRDA:360,37,0,0
BRDA:360,37,1,0
BRDA:362,38,0,0
BRDA:362,38,1,0
BRDA:372,39,0,0
BRDA:372,39,1,0
BRDA:373,40,0,0
BRDA:373,40,1,0
BRDA:374,41,0,0
BRDA:374,41,1,0
BRDA:376,42,0,0
BRDA:376,42,1,0
BRDA:377,43,0,0
BRDA:377,43,1,0
BRDA:378,44,0,0
BRDA:378,44,1,0
BRDA:382,45,0,0
BRDA:382,45,1,0
BRDA:383,46,0,0
BRDA:383,46,1,0
BRDA:385,47,0,0
BRDA:385,47,1,0
BRDA:386,48,0,0
BRDA:386,48,1,0
BRDA:404,49,0,0
BRDA:404,49,1,0
BRDA:421,50,0,0
BRDA:421,50,1,0
BRF:92
BRH:0
end_of_record
TN:
SF:src\modules\power-bi\power-bi.controller.ts
FN:6,(anonymous_4)
FN:9,(anonymous_5)
FN:14,(anonymous_6)
FN:19,(anonymous_7)
FN:24,(anonymous_8)
FNF:5
FNH:0
FNDA:0,(anonymous_4)
FNDA:0,(anonymous_5)
FNDA:0,(anonymous_6)
FNDA:0,(anonymous_7)
FNDA:0,(anonymous_8)
DA:1,0
DA:2,0
DA:5,0
DA:6,0
DA:9,0
DA:10,0
DA:14,0
DA:15,0
DA:19,0
DA:20,0
DA:24,0
DA:25,0
LF:12
LH:0
BRDA:24,0,0,0
BRF:1
BRH:0
end_of_record
TN:
SF:src\modules\power-bi\power-bi.module.ts
FNF:0
FNH:0
DA:1,0
DA:2,0
DA:3,0
DA:4,0
DA:5,0
DA:6,0
DA:7,0
DA:8,0
DA:9,0
DA:25,0
LF:10
LH:0
BRF:0
BRH:0
end_of_record
TN:
SF:src\modules\power-bi\power-bi.service.ts
FN:63,(anonymous_4)
FN:71,(anonymous_5)
FN:109,(anonymous_6)
FN:115,(anonymous_7)
FN:116,(anonymous_8)
FN:118,(anonymous_9)
FN:121,(anonymous_10)
FN:122,(anonymous_11)
FN:125,(anonymous_12)
FN:126,(anonymous_13)
FN:138,(anonymous_14)
FN:161,(anonymous_15)
FN:174,(anonymous_16)
FN:195,(anonymous_17)
FN:198,(anonymous_18)
FN:203,(anonymous_19)
FN:209,(anonymous_20)
FN:224,(anonymous_21)
FN:227,(anonymous_22)
FN:232,(anonymous_23)
FN:246,(anonymous_24)
FN:254,(anonymous_25)
FN:255,(anonymous_26)
FN:272,(anonymous_27)
FN:282,(anonymous_28)
FN:297,(anonymous_29)
FN:306,(anonymous_30)
FN:320,(anonymous_31)
FN:332,(anonymous_32)
FN:334,(anonymous_33)
FN:335,(anonymous_34)
FN:337,(anonymous_35)
FN:338,(anonymous_36)
FN:340,(anonymous_37)
FN:349,(anonymous_38)
FN:350,(anonymous_39)
FN:361,(anonymous_40)
FN:362,(anonymous_41)
FN:377,(anonymous_42)
FN:394,(anonymous_43)
FN:395,(anonymous_44)
FN:407,(anonymous_45)
FN:419,(anonymous_46)
FN:421,(anonymous_47)
FN:422,(anonymous_48)
FN:424,(anonymous_49)
FN:431,(anonymous_50)
FN:433,(anonymous_51)
FN:434,(anonymous_52)
FN:435,(anonymous_53)
FN:443,(anonymous_54)
FN:449,(anonymous_55)
FN:484,(anonymous_56)
FN:517,(anonymous_57)
FNF:54
FNH:0
FNDA:0,(anonymous_4)
FNDA:0,(anonymous_5)
FNDA:0,(anonymous_6)
FNDA:0,(anonymous_7)
FNDA:0,(anonymous_8)
FNDA:0,(anonymous_9)
FNDA:0,(anonymous_10)
FNDA:0,(anonymous_11)
FNDA:0,(anonymous_12)
FNDA:0,(anonymous_13)
FNDA:0,(anonymous_14)
FNDA:0,(anonymous_15)
FNDA:0,(anonymous_16)
FNDA:0,(anonymous_17)
FNDA:0,(anonymous_18)
FNDA:0,(anonymous_19)
FNDA:0,(anonymous_20)
FNDA:0,(anonymous_21)
FNDA:0,(anonymous_22)
FNDA:0,(anonymous_23)
FNDA:0,(anonymous_24)
FNDA:0,(anonymous_25)
FNDA:0,(anonymous_26)
FNDA:0,(anonymous_27)
FNDA:0,(anonymous_28)
FNDA:0,(anonymous_29)
FNDA:0,(anonymous_30)
FNDA:0,(anonymous_31)
FNDA:0,(anonymous_32)
FNDA:0,(anonymous_33)
FNDA:0,(anonymous_34)
FNDA:0,(anonymous_35)
FNDA:0,(anonymous_36)
FNDA:0,(anonymous_37)
FNDA:0,(anonymous_38)
FNDA:0,(anonymous_39)
FNDA:0,(anonymous_40)
FNDA:0,(anonymous_41)
FNDA:0,(anonymous_42)
FNDA:0,(anonymous_43)
FNDA:0,(anonymous_44)
FNDA:0,(anonymous_45)
FNDA:0,(anonymous_46)
FNDA:0,(anonymous_47)
FNDA:0,(anonymous_48)
FNDA:0,(anonymous_49)
FNDA:0,(anonymous_50)
FNDA:0,(anonymous_51)
FNDA:0,(anonymous_52)
FNDA:0,(anonymous_53)
FNDA:0,(anonymous_54)
FNDA:0,(anonymous_55)
FNDA:0,(anonymous_56)
FNDA:0,(anonymous_57)
DA:1,0
DA:2,0
DA:3,0
DA:4,0
DA:5,0
DA:6,0
DA:60,0
DA:61,0
DA:65,0
DA:67,0
DA:68,0
DA:72,0
DA:74,0
DA:77,0
DA:80,0
DA:83,0
DA:86,0
DA:89,0
DA:92,0
DA:94,0
DA:104,0
DA:105,0
DA:110,0
DA:115,0
DA:116,0
DA:117,0
DA:118,0
DA:120,0
DA:121,0
DA:122,0
DA:124,0
DA:125,0
DA:126,0
DA:128,0
DA:139,0
DA:140,0
DA:142,0
DA:156,0
DA:159,0
DA:160,0
DA:161,0
DA:162,0
DA:165,0
DA:167,0
DA:175,0
DA:176,0
DA:177,0
DA:178,0
DA:180,0
DA:181,0
DA:184,0
DA:185,0
DA:187,0
DA:196,0
DA:198,0
DA:199,0
DA:200,0
DA:203,0
DA:204,0
DA:205,0
DA:206,0
DA:209,0
DA:210,0
DA:211,0
DA:214,0
DA:216,0
DA:225,0
DA:227,0
DA:228,0
DA:229,0
DA:232,0
DA:233,0
DA:234,0
DA:237,0
DA:239,0
DA:248,0
DA:253,0
DA:254,0
DA:255,0
DA:257,0
DA:260,0
DA:263,0
DA:265,0
DA:274,0
DA:281,0
DA:282,0
DA:298,0
DA:305,0
DA:306,0
DA:321,0
DA:322,0
DA:323,0
DA:325,0
DA:330,0
DA:332,0
DA:334,0
DA:335,0
DA:337,0
DA:338,0
DA:340,0
DA:345,0
DA:350,0
DA:351,0
DA:352,0
DA:353,0
DA:354,0
DA:355,0
DA:358,0
DA:362,0
DA:363,0
DA:364,0
DA:365,0
DA:366,0
DA:367,0
DA:368,0
DA:369,0
DA:371,0
DA:374,0
DA:378,0
DA:379,0
DA:380,0
DA:381,0
DA:382,0
DA:383,0
DA:385,0
DA:394,0
DA:395,0
DA:397,0
DA:404,0
DA:409,0
DA:410,0
DA:412,0
DA:413,0
DA:415,0
DA:416,0
DA:420,0
DA:421,0
DA:422,0
DA:424,0
DA:432,0
DA:433,0
DA:434,0
DA:436,0
DA:437,0
DA:438,0
DA:439,0
DA:440,0
DA:443,0
DA:450,0
DA:451,0
DA:452,0
DA:453,0
DA:454,0
DA:455,0
DA:457,0
DA:458,0
DA:465,0
DA:466,0
DA:473,0
DA:474,0
DA:481,0
DA:485,0
DA:486,0
DA:487,0
DA:488,0
DA:489,0
DA:490,0
DA:491,0
DA:493,0
DA:494,0
DA:500,0
DA:501,0
DA:507,0
DA:508,0
DA:514,0
DA:518,0
DA:519,0
DA:521,0
DA:522,0
DA:524,0
DA:525,0
DA:526,0
DA:527,0
DA:528,0
LF:184
LH:0
BRDA:71,0,0,0
BRDA:115,1,0,0
BRDA:115,1,1,0
BRDA:122,2,0,0
BRDA:122,2,1,0
BRDA:126,3,0,0
BRDA:126,3,1,0
BRDA:175,4,0,0
BRDA:175,4,1,0
BRDA:176,5,0,0
BRDA:176,5,1,0
BRDA:177,6,0,0
BRDA:177,6,1,0
BRDA:178,7,0,0
BRDA:178,7,1,0
BRDA:180,8,0,0
BRDA:180,8,1,0
BRDA:181,9,0,0
BRDA:181,9,1,0
BRDA:184,10,0,0
BRDA:184,10,1,0
BRDA:185,11,0,0
BRDA:185,11,1,0
BRDA:199,12,0,0
BRDA:199,12,1,0
BRDA:204,13,0,0
BRDA:204,13,1,0
BRDA:204,14,0,0
BRDA:204,14,1,0
BRDA:205,15,0,0
BRDA:205,15,1,0
BRDA:210,16,0,0
BRDA:210,16,1,0
BRDA:228,17,0,0
BRDA:228,17,1,0
BRDA:233,18,0,0
BRDA:233,18,1,0
BRDA:255,19,0,0
BRDA:255,19,1,0
BRDA:335,20,0,0
BRDA:335,20,1,0
BRDA:338,21,0,0
BRDA:338,21,1,0
BRDA:339,22,0,0
BRDA:339,22,1,0
BRDA:340,23,0,0
BRDA:340,23,1,0
BRDA:352,24,0,0
BRDA:354,25,0,0
BRDA:354,25,1,0
BRDA:364,26,0,0
BRDA:366,27,0,0
BRDA:366,27,1,0
BRDA:366,28,0,0
BRDA:366,28,1,0
BRDA:368,29,0,0
BRDA:368,30,0,0
BRDA:368,30,1,0
BRDA:394,31,0,0
BRDA:394,31,1,0
BRDA:395,32,0,0
BRDA:395,32,1,0
BRDA:412,33,0,0
BRDA:412,33,1,0
BRDA:413,34,0,0
BRDA:413,34,1,0
BRDA:422,35,0,0
BRDA:422,35,1,0
BRDA:422,36,0,0
BRDA:422,36,1,0
BRDA:426,37,0,0
BRDA:426,37,1,0
BRDA:427,38,0,0
BRDA:427,38,1,0
BRDA:433,39,0,0
BRDA:433,39,1,0
BRDA:437,40,0,0
BRDA:445,41,0,0
BRDA:445,41,1,0
BRDA:451,42,0,0
BRDA:451,42,1,0
BRDA:452,43,0,0
BRDA:452,43,1,0
BRDA:453,44,0,0
BRDA:453,44,1,0
BRDA:454,45,0,0
BRDA:454,45,1,0
BRDA:454,46,0,0
BRDA:454,46,1,0
BRDA:455,47,0,0
BRDA:455,47,1,0
BRDA:455,48,0,0
BRDA:455,48,1,0
BRDA:457,49,0,0
BRDA:457,50,0,0
BRDA:457,50,1,0
BRDA:460,51,0,0
BRDA:460,51,1,0
BRDA:465,52,0,0
BRDA:465,53,0,0
BRDA:465,53,1,0
BRDA:468,54,0,0
BRDA:468,54,1,0
BRDA:473,55,0,0
BRDA:473,56,0,0
BRDA:473,56,1,0
BRDA:476,57,0,0
BRDA:476,57,1,0
BRDA:486,58,0,0
BRDA:486,58,1,0
BRDA:487,59,0,0
BRDA:487,59,1,0
BRDA:488,60,0,0
BRDA:488,60,1,0
BRDA:489,61,0,0
BRDA:489,61,1,0
BRDA:489,62,0,0
BRDA:489,62,1,0
BRDA:490,63,0,0
BRDA:490,63,1,0
BRDA:490,64,0,0
BRDA:490,64,1,0
BRDA:493,65,0,0
BRDA:493,66,0,0
BRDA:493,66,1,0
BRDA:500,67,0,0
BRDA:507,68,0,0
BRDA:507,69,0,0
BRDA:507,69,1,0
BRDA:519,70,0,0
BRDA:524,71,0,0
BRDA:524,71,1,0
BRDA:524,71,2,0
BRDA:524,71,3,0
BRF:134
BRH:0
end_of_record
TN:
SF:src\modules\recommendation\recommendation.controller.ts
FN:33,(anonymous_4)
FN:36,(anonymous_5)
FN:53,(anonymous_6)
FN:71,(anonymous_7)
FN:82,(anonymous_8)
FN:87,(anonymous_9)
FN:98,(anonymous_10)
FN:103,(anonymous_11)
FN:108,(anonymous_12)
FN:113,(anonymous_13)
FN:118,(anonymous_14)
FN:123,(anonymous_15)
FN:128,(anonymous_16)
FN:142,(anonymous_17)
FN:158,(anonymous_18)
FN:163,(anonymous_19)
FNF:16
FNH:0
FNDA:0,(anonymous_4)
FNDA:0,(anonymous_5)
FNDA:0,(anonymous_6)
FNDA:0,(anonymous_7)
FNDA:0,(anonymous_8)
FNDA:0,(anonymous_9)
FNDA:0,(anonymous_10)
FNDA:0,(anonymous_11)
FNDA:0,(anonymous_12)
FNDA:0,(anonymous_13)
FNDA:0,(anonymous_14)
FNDA:0,(anonymous_15)
FNDA:0,(anonymous_16)
FNDA:0,(anonymous_17)
FNDA:0,(anonymous_18)
FNDA:0,(anonymous_19)
DA:1,0
DA:10,0
DA:32,0
DA:33,0
DA:36,0
DA:37,0
DA:38,0
DA:42,0
DA:48,0
DA:53,0
DA:54,0
DA:55,0
DA:58,0
DA:63,0
DA:71,0
DA:72,0
DA:74,0
DA:82,0
DA:83,0
DA:87,0
DA:93,0
DA:98,0
DA:99,0
DA:103,0
DA:104,0
DA:108,0
DA:109,0
DA:113,0
DA:114,0
DA:118,0
DA:119,0
DA:123,0
DA:124,0
DA:128,0
DA:132,0
DA:133,0
DA:134,0
DA:135,0
DA:137,0
DA:142,0
DA:143,0
DA:144,0
DA:145,0
DA:149,0
DA:158,0
DA:159,0
DA:163,0
DA:164,0
LF:48
LH:0
BRDA:38,0,0,0
BRDA:38,0,1,0
BRDA:54,1,0,0
BRDA:132,2,0,0
BRDA:132,2,1,0
BRDA:134,3,0,0
BRDA:134,3,1,0
BRDA:144,4,0,0
BRF:8
BRH:0
end_of_record
TN:
SF:src\modules\recommendation\recommendation.module.ts
FNF:0
FNH:0
DA:1,0
DA:2,0
DA:3,0
DA:4,0
DA:5,0
DA:6,0
DA:7,0
DA:8,0
DA:9,0
DA:25,0
LF:10
LH:0
BRF:0
BRH:0
end_of_record
TN:
SF:src\modules\recommendation\recommendation.service.ts
FN:53,(anonymous_4)
FN:61,(anonymous_5)
FN:71,(anonymous_6)
FN:85,(anonymous_7)
FN:92,(anonymous_8)
FN:93,(anonymous_9)
FN:96,(anonymous_10)
FN:99,(anonymous_11)
FN:102,(anonymous_12)
FN:105,(anonymous_13)
FN:110,(anonymous_14)
FN:114,(anonymous_15)
FN:120,(anonymous_16)
FN:124,(anonymous_17)
FN:153,(anonymous_18)
FN:193,(anonymous_19)
FN:225,(anonymous_20)
FN:226,(anonymous_21)
FN:227,(anonymous_22)
FN:234,(anonymous_23)
FN:252,(anonymous_24)
FN:300,(anonymous_25)
FN:301,(anonymous_26)
FN:304,(anonymous_27)
FN:305,(anonymous_28)
FN:310,(anonymous_29)
FN:319,(anonymous_30)
FN:321,(anonymous_31)
FN:328,(anonymous_32)
FN:330,(anonymous_33)
FN:334,(anonymous_34)
FN:340,(anonymous_35)
FN:341,(anonymous_36)
FN:347,(anonymous_37)
FN:355,(anonymous_38)
FN:366,(anonymous_39)
FN:368,(anonymous_40)
FN:411,(anonymous_41)
FN:444,(anonymous_42)
FN:449,(anonymous_43)
FN:450,(anonymous_44)
FN:454,(anonymous_45)
FN:455,(anonymous_46)
FN:471,(anonymous_47)
FN:472,(anonymous_48)
FN:486,(anonymous_49)
FN:503,(anonymous_50)
FN:508,(anonymous_51)
FN:529,(anonymous_52)
FN:549,(anonymous_53)
FN:593,(anonymous_54)
FN:619,(anonymous_55)
FN:620,(anonymous_56)
FN:647,(anonymous_57)
FN:657,(anonymous_58)
FN:696,(anonymous_59)
FN:705,(anonymous_60)
FN:710,(anonymous_61)
FN:713,(anonymous_62)
FN:718,(anonymous_63)
FN:782,(anonymous_64)
FN:787,(anonymous_65)
FN:788,(anonymous_66)
FN:789,(anonymous_67)
FNF:64
FNH:62
FNDA:24,(anonymous_4)
FNDA:15,(anonymous_5)
FNDA:9,(anonymous_6)
FNDA:4,(anonymous_7)
FNDA:7,(anonymous_8)
FNDA:7,(anonymous_9)
FNDA:7,(anonymous_10)
FNDA:2,(anonymous_11)
FNDA:1,(anonymous_12)
FNDA:7,(anonymous_13)
FNDA:2,(anonymous_14)
FNDA:1,(anonymous_15)
FNDA:2,(anonymous_16)
FNDA:2,(anonymous_17)
FNDA:6,(anonymous_18)
FNDA:6,(anonymous_19)
FNDA:18,(anonymous_20)
FNDA:18,(anonymous_21)
FNDA:18,(anonymous_22)
FNDA:12,(anonymous_23)
FNDA:5,(anonymous_24)
FNDA:12,(anonymous_25)
FNDA:36,(anonymous_26)
FNDA:6,(anonymous_27)
FNDA:18,(anonymous_28)
FNDA:6,(anonymous_29)
FNDA:6,(anonymous_30)
FNDA:12,(anonymous_31)
FNDA:6,(anonymous_32)
FNDA:18,(anonymous_33)
FNDA:6,(anonymous_34)
FNDA:6,(anonymous_35)
FNDA:12,(anonymous_36)
FNDA:18,(anonymous_37)
FNDA:1,(anonymous_38)
FNDA:2,(anonymous_39)
FNDA:1,(anonymous_40)
FNDA:2,(anonymous_41)
FNDA:1,(anonymous_42)
FNDA:2,(anonymous_43)
FNDA:2,(anonymous_44)
FNDA:2,(anonymous_45)
FNDA:1,(anonymous_46)
FNDA:2,(anonymous_47)
FNDA:1,(anonymous_48)
FNDA:2,(anonymous_49)
FNDA:3,(anonymous_50)
FNDA:3,(anonymous_51)
FNDA:2,(anonymous_52)
FNDA:2,(anonymous_53)
FNDA:1,(anonymous_54)
FNDA:1,(anonymous_55)
FNDA:1,(anonymous_56)
FNDA:0,(anonymous_57)
FNDA:1,(anonymous_58)
FNDA:0,(anonymous_59)
FNDA:1,(anonymous_60)
FNDA:3,(anonymous_61)
FNDA:3,(anonymous_62)
FNDA:3,(anonymous_63)
FNDA:1,(anonymous_64)
FNDA:13,(anonymous_65)
FNDA:13,(anonymous_66)
FNDA:13,(anonymous_67)
DA:1,1
DA:2,1
DA:3,1
DA:4,1
DA:5,1
DA:6,1
DA:7,1
DA:50,1
DA:51,24
DA:54,24
DA:55,24
DA:56,24
DA:57,24
DA:58,24
DA:62,15
DA:68,15
DA:77,9
DA:78,9
DA:79,9
DA:80,9
DA:81,9
DA:82,9
DA:91,4
DA:92,7
DA:93,7
DA:94,4
DA:96,7
DA:99,2
DA:102,1
DA:105,7
DA:111,2
DA:115,1
DA:121,2
DA:126,2
DA:127,2
DA:128,1
DA:132,1
DA:139,1
DA:149,1
DA:150,1
DA:155,6
DA:156,6
DA:157,1
DA:161,5
DA:168,5
DA:175,5
DA:186,5
DA:187,5
DA:198,6
DA:199,6
DA:205,6
DA:206,6
DA:207,6
DA:208,6
DA:209,6
DA:210,6
DA:213,6
DA:215,6
DA:225,18
DA:226,18
DA:228,18
DA:234,12
DA:244,0
DA:245,0
DA:253,5
DA:255,5
DA:260,5
DA:262,1
DA:263,1
DA:267,1
DA:270,1
DA:272,1
DA:274,1
DA:277,1
DA:279,1
DA:281,1
DA:284,1
DA:286,1
DA:288,1
DA:291,1
DA:293,1
DA:296,5
DA:301,36
DA:305,6
DA:306,18
DA:308,6
DA:310,6
DA:311,6
DA:312,6
DA:313,6
DA:316,6
DA:320,6
DA:321,6
DA:322,12
DA:323,0
DA:325,6
DA:329,6
DA:330,18
DA:331,6
DA:335,6
DA:336,6
DA:337,6
DA:341,6
DA:342,12
DA:343,0
DA:345,6
DA:347,18
DA:348,6
DA:365,1
DA:366,2
DA:368,1
DA:369,1
DA:370,1
DA:371,1
DA:374,1
DA:384,1
DA:386,1
DA:387,0
DA:390,1
DA:392,1
DA:394,1
DA:400,1
DA:411,1
DA:412,2
DA:413,2
DA:414,2
DA:415,2
DA:417,2
DA:422,2
DA:438,1
DA:445,1
DA:447,1
DA:449,2
DA:450,2
DA:454,2
DA:455,1
DA:471,2
DA:472,1
DA:486,1
DA:487,2
DA:488,1
DA:489,1
DA:491,1
DA:492,1
DA:494,1
DA:495,0
DA:500,1
DA:504,3
DA:505,3
DA:514,3
DA:530,2
DA:550,2
DA:551,2
DA:553,2
DA:554,2
DA:572,2
DA:573,2
DA:590,2
DA:594,1
DA:595,1
DA:597,1
DA:598,1
DA:612,1
DA:613,1
DA:614,1
DA:618,1
DA:619,1
DA:620,1
DA:621,1
DA:634,1
DA:635,1
DA:636,1
DA:639,1
DA:640,1
DA:641,1
DA:642,1
DA:643,1
DA:647,1
DA:648,1
DA:649,1
DA:650,2
DA:654,1
DA:658,1
DA:659,1
DA:661,1
DA:671,1
DA:672,1
DA:673,1
DA:677,1
DA:678,1
DA:679,3
DA:683,1
DA:684,1
DA:685,2
DA:688,1
DA:689,1
DA:690,1
DA:691,1
DA:692,1
DA:696,1
DA:697,1
DA:698,1
DA:699,2
DA:702,1
DA:706,1
DA:707,1
DA:709,1
DA:710,1
DA:711,3
DA:713,1
DA:714,3
DA:718,3
DA:719,1
DA:721,1
DA:722,1
DA:741,1
DA:742,1
DA:760,1
DA:761,1
DA:779,1
DA:783,1
DA:784,1
DA:786,1
DA:787,13
DA:788,13
DA:789,1
DA:790,13
DA:793,1
DA:795,1
DA:796,1
DA:815,1
DA:816,1
DA:834,1
LF:233
LH:227
BRDA:64,0,0,15
BRDA:64,0,1,1
BRDA:64,1,0,0
BRDA:64,1,1,1
BRDA:78,2,0,7
BRDA:79,3,0,0
BRDA:80,4,0,2
BRDA:81,5,0,0
BRDA:96,6,0,7
BRDA:96,6,1,0
BRDA:99,7,0,2
BRDA:99,7,1,0
BRDA:102,8,0,1
BRDA:102,8,1,0
BRDA:105,9,0,7
BRDA:105,9,1,0
BRDA:127,10,0,1
BRDA:156,11,0,1
BRDA:199,12,0,0
BRDA:199,12,1,6
BRDA:201,13,0,6
BRDA:201,13,1,0
BRDA:205,14,0,6
BRDA:205,14,1,0
BRDA:205,15,0,0
BRDA:205,15,1,0
BRDA:206,16,0,6
BRDA:206,16,1,0
BRDA:206,16,2,0
BRDA:207,17,0,6
BRDA:207,17,1,0
BRDA:208,18,0,6
BRDA:208,18,1,0
BRDA:209,19,0,6
BRDA:209,19,1,0
BRDA:210,20,0,0
BRDA:210,20,1,6
BRDA:211,21,0,0
BRDA:211,21,1,0
BRDA:212,22,0,6
BRDA:212,22,1,0
BRDA:213,23,0,6
BRDA:213,23,1,0
BRDA:228,24,0,18
BRDA:228,24,1,12
BRDA:228,24,2,6
BRDA:234,25,0,12
BRDA:234,25,1,0
BRDA:253,26,0,0
BRDA:253,27,0,5
BRDA:253,27,1,5
BRDA:260,28,0,1
BRDA:260,28,1,1
BRDA:260,28,2,1
BRDA:260,28,3,1
BRDA:260,28,4,1
BRDA:263,29,0,1
BRDA:263,29,1,0
BRDA:301,30,0,36
BRDA:301,30,1,12
BRDA:306,31,0,18
BRDA:306,31,1,6
BRDA:306,31,2,6
BRDA:308,32,0,0
BRDA:322,33,0,12
BRDA:325,34,0,6
BRDA:325,34,1,0
BRDA:329,35,0,0
BRDA:335,36,0,0
BRDA:335,37,0,6
BRDA:335,37,1,6
BRDA:342,38,0,12
BRDA:345,39,0,0
BRDA:366,40,0,2
BRDA:366,40,1,1
BRDA:369,41,0,1
BRDA:369,41,1,0
BRDA:370,42,0,1
BRDA:370,42,1,0
BRDA:386,43,0,0
BRDA:392,44,0,1
BRDA:392,44,1,0
BRDA:394,45,0,1
BRDA:394,45,1,0
BRDA:396,46,0,0
BRDA:396,46,1,0
BRDA:396,47,0,0
BRDA:396,47,1,0
BRDA:412,48,0,2
BRDA:412,48,1,0
BRDA:415,49,0,2
BRDA:415,49,1,0
BRDA:417,50,0,2
BRDA:417,50,1,0
BRDA:419,51,0,0
BRDA:419,51,1,0
BRDA:419,52,0,0
BRDA:419,52,1,0
BRDA:426,53,0,2
BRDA:426,53,1,0
BRDA:428,54,0,0
BRDA:428,54,1,0
BRDA:454,55,0,2
BRDA:454,55,1,1
BRDA:454,55,2,1
BRDA:471,56,0,2
BRDA:471,56,1,2
BRDA:487,57,0,1
BRDA:488,58,0,1
BRDA:491,59,0,1
BRDA:494,60,0,0
BRDA:505,61,0,3
BRDA:505,61,1,0
BRDA:519,62,0,3
BRDA:519,62,1,0
BRDA:522,63,0,3
BRDA:522,63,1,3
BRDA:536,64,0,2
BRDA:536,64,1,0
BRDA:551,65,0,0
BRDA:553,66,0,2
BRDA:559,67,0,2
BRDA:559,67,1,0
BRDA:572,68,0,2
BRDA:578,69,0,2
BRDA:578,69,1,0
BRDA:597,70,0,1
BRDA:607,71,0,1
BRDA:607,71,1,0
BRDA:618,72,0,1
BRDA:618,73,0,1
BRDA:618,73,1,1
BRDA:630,74,0,1
BRDA:630,74,1,0
BRDA:640,75,0,1
BRDA:641,76,0,1
BRDA:641,76,1,0
BRDA:648,77,0,1
BRDA:648,77,1,0
BRDA:667,78,0,1
BRDA:667,78,1,0
BRDA:689,79,0,1
BRDA:690,80,0,1
BRDA:690,80,1,0
BRDA:697,81,0,1
BRDA:697,81,1,0
BRDA:707,82,0,0
BRDA:707,83,0,1
BRDA:707,83,1,1
BRDA:711,84,0,3
BRDA:711,84,1,3
BRDA:711,84,2,3
BRDA:714,85,0,3
BRDA:714,85,1,3
BRDA:714,85,2,3
BRDA:714,85,3,2
BRDA:719,86,0,1
BRDA:719,86,1,0
BRDA:721,87,0,1
BRDA:741,88,0,1
BRDA:760,89,0,1
BRDA:760,90,0,1
BRDA:760,90,1,1
BRDA:784,91,0,0
BRDA:784,92,0,1
BRDA:784,92,1,1
BRDA:787,93,0,13
BRDA:787,93,1,12
BRDA:788,94,0,13
BRDA:788,94,1,2
BRDA:790,95,0,13
BRDA:790,95,1,12
BRDA:790,95,2,12
BRDA:790,95,3,12
BRDA:793,96,0,1
BRDA:793,96,1,0
BRDA:795,97,0,1
BRDA:815,98,0,1
BRF:178
BRH:111
end_of_record
TN:
SF:src\modules\reporting\reporting.controller.ts
FN:6,(anonymous_4)
FN:9,(anonymous_5)
FN:17,(anonymous_6)
FN:22,(anonymous_7)
FN:27,(anonymous_8)
FN:32,(anonymous_9)
FNF:6
FNH:0
FNDA:0,(anonymous_4)
FNDA:0,(anonymous_5)
FNDA:0,(anonymous_6)
FNDA:0,(anonymous_7)
FNDA:0,(anonymous_8)
FNDA:0,(anonymous_9)
DA:1,0
DA:2,0
DA:5,0
DA:6,0
DA:9,0
DA:13,0
DA:17,0
DA:18,0
DA:22,0
DA:23,0
DA:27,0
DA:28,0
DA:32,0
DA:36,0
LF:14
LH:0
BRDA:11,0,0,0
BRDA:34,1,0,0
BRF:2
BRH:0
end_of_record
TN:
SF:src\modules\reporting\reporting.module.ts
FNF:0
FNH:0
DA:1,0
DA:2,0
DA:3,0
DA:4,0
DA:5,0
DA:6,0
DA:19,0
LF:7
LH:0
BRF:0
BRH:0
end_of_record
TN:
SF:src\modules\reporting\reporting.service.ts
FN:22,(anonymous_4)
FN:31,(anonymous_5)
FN:45,(anonymous_6)
FN:49,(anonymous_7)
FN:77,(anonymous_8)
FN:83,(anonymous_9)
FN:89,(anonymous_10)
FN:92,(anonymous_11)
FN:95,(anonymous_12)
FN:99,(anonymous_13)
FN:111,(anonymous_14)
FN:117,(anonymous_15)
FN:118,(anonymous_16)
FN:121,(anonymous_17)
FN:125,(anonymous_18)
FN:129,(anonymous_19)
FN:152,(anonymous_20)
FN:164,(anonymous_21)
FN:165,(anonymous_22)
FN:166,(anonymous_23)
FN:175,(anonymous_24)
FN:196,(anonymous_25)
FN:199,(anonymous_26)
FN:205,(anonymous_27)
FN:208,(anonymous_28)
FN:214,(anonymous_29)
FNF:26
FNH:0
FNDA:0,(anonymous_4)
FNDA:0,(anonymous_5)
FNDA:0,(anonymous_6)
FNDA:0,(anonymous_7)
FNDA:0,(anonymous_8)
FNDA:0,(anonymous_9)
FNDA:0,(anonymous_10)
FNDA:0,(anonymous_11)
FNDA:0,(anonymous_12)
FNDA:0,(anonymous_13)
FNDA:0,(anonymous_14)
FNDA:0,(anonymous_15)
FNDA:0,(anonymous_16)
FNDA:0,(anonymous_17)
FNDA:0,(anonymous_18)
FNDA:0,(anonymous_19)
FNDA:0,(anonymous_20)
FNDA:0,(anonymous_21)
FNDA:0,(anonymous_22)
FNDA:0,(anonymous_23)
FNDA:0,(anonymous_24)
FNDA:0,(anonymous_25)
FNDA:0,(anonymous_26)
FNDA:0,(anonymous_27)
FNDA:0,(anonymous_28)
FNDA:0,(anonymous_29)
DA:1,0
DA:2,0
DA:3,0
DA:4,0
DA:5,0
DA:21,0
DA:24,0
DA:25,0
DA:32,0
DA:33,0
DA:36,0
DA:44,0
DA:45,0
DA:48,0
DA:49,0
DA:54,0
DA:56,0
DA:78,0
DA:79,0
DA:83,0
DA:85,0
DA:89,0
DA:92,0
DA:95,0
DA:99,0
DA:112,0
DA:113,0
DA:117,0
DA:118,0
DA:120,0
DA:121,0
DA:124,0
DA:125,0
DA:128,0
DA:129,0
DA:134,0
DA:138,0
DA:153,0
DA:154,0
DA:155,0
DA:156,0
DA:158,0
DA:164,0
DA:165,0
DA:166,0
DA:176,0
DA:178,0
DA:179,0
DA:183,0
DA:184,0
DA:191,0
DA:197,0
DA:198,0
DA:199,0
DA:202,0
DA:206,0
DA:207,0
DA:208,0
DA:211,0
DA:215,0
DA:223,0
DA:224,0
DA:225,0
DA:229,0
LF:64
LH:0
BRDA:31,0,0,0
BRDA:45,1,0,0
BRDA:45,1,1,0
BRDA:49,2,0,0
BRDA:49,2,1,0
BRDA:89,3,0,0
BRDA:89,3,1,0
BRDA:92,4,0,0
BRDA:92,4,1,0
BRDA:95,5,0,0
BRDA:95,5,1,0
BRDA:121,6,0,0
BRDA:121,6,1,0
BRDA:125,7,0,0
BRDA:125,7,1,0
BRDA:129,8,0,0
BRDA:129,8,1,0
BRDA:134,9,0,0
BRDA:134,9,1,0
BRDA:175,10,0,0
BRDA:178,11,0,0
BRDA:197,12,0,0
BRDA:206,13,0,0
BRDA:224,14,0,0
BRDA:225,15,0,0
BRDA:225,15,1,0
BRDA:225,16,0,0
BRDA:225,16,1,0
BRF:28
BRH:0
end_of_record
TN:
SF:src\modules\resource-analysis\resource-analysis.controller.ts
FN:6,(anonymous_4)
FN:11,(anonymous_5)
FN:16,(anonymous_6)
FN:21,(anonymous_7)
FN:26,(anonymous_8)
FN:31,(anonymous_9)
FNF:6
FNH:0
FNDA:0,(anonymous_4)
FNDA:0,(anonymous_5)
FNDA:0,(anonymous_6)
FNDA:0,(anonymous_7)
FNDA:0,(anonymous_8)
FNDA:0,(anonymous_9)
DA:1,0
DA:2,0
DA:5,0
DA:7,0
DA:11,0
DA:12,0
DA:16,0
DA:17,0
DA:21,0
DA:22,0
DA:26,0
DA:27,0
DA:31,0
DA:32,0
LF:14
LH:0
BRF:0
BRH:0
end_of_record
TN:
SF:src\modules\resource-analysis\resource-analysis.module.ts
FNF:0
FNH:0
DA:1,0
DA:2,0
DA:3,0
DA:4,0
DA:5,0
DA:6,0
DA:7,0
DA:8,0
DA:9,0
DA:25,0
LF:10
LH:0
BRF:0
BRH:0
end_of_record
TN:
SF:src\modules\resource-analysis\resource-analysis.service.ts
FN:30,(anonymous_4)
FN:37,(anonymous_5)
FN:43,(anonymous_6)
FN:44,(anonymous_7)
FN:54,(anonymous_8)
FN:83,(anonymous_9)
FN:91,(anonymous_10)
FN:95,(anonymous_11)
FN:97,(anonymous_12)
FN:98,(anonymous_13)
FN:102,(anonymous_14)
FN:105,(anonymous_15)
FN:116,(anonymous_16)
FN:120,(anonymous_17)
FN:124,(anonymous_18)
FN:139,(anonymous_19)
FN:145,(anonymous_20)
FN:165,(anonymous_21)
FN:193,(anonymous_22)
FNF:19
FNH:0
FNDA:0,(anonymous_4)
FNDA:0,(anonymous_5)
FNDA:0,(anonymous_6)
FNDA:0,(anonymous_7)
FNDA:0,(anonymous_8)
FNDA:0,(anonymous_9)
FNDA:0,(anonymous_10)
FNDA:0,(anonymous_11)
FNDA:0,(anonymous_12)
FNDA:0,(anonymous_13)
FNDA:0,(anonymous_14)
FNDA:0,(anonymous_15)
FNDA:0,(anonymous_16)
FNDA:0,(anonymous_17)
FNDA:0,(anonymous_18)
FNDA:0,(anonymous_19)
FNDA:0,(anonymous_20)
FNDA:0,(anonymous_21)
FNDA:0,(anonymous_22)
DA:1,1
DA:2,1
DA:3,1
DA:4,1
DA:5,1
DA:6,1
DA:7,1
DA:29,1
DA:31,0
DA:32,0
DA:33,0
DA:34,0
DA:38,0
DA:42,0
DA:43,0
DA:44,0
DA:55,0
DA:56,0
DA:58,0
DA:65,0
DA:66,0
DA:69,0
DA:70,0
DA:71,0
DA:72,0
DA:73,0
DA:75,0
DA:76,0
DA:77,0
DA:78,0
DA:79,0
DA:82,0
DA:84,0
DA:85,0
DA:86,0
DA:90,0
DA:91,0
DA:94,0
DA:95,0
DA:97,0
DA:98,0
DA:103,0
DA:105,0
DA:117,0
DA:118,0
DA:120,0
DA:121,0
DA:124,0
DA:125,0
DA:128,0
DA:140,0
DA:145,0
DA:148,0
DA:151,0
DA:152,0
DA:158,0
DA:159,0
DA:165,0
DA:166,0
DA:167,0
DA:173,0
DA:174,0
DA:177,0
DA:178,0
DA:179,0
DA:180,0
DA:184,0
DA:185,0
DA:192,0
DA:193,0
DA:194,0
DA:195,0
DA:196,0
DA:203,0
DA:204,0
DA:205,0
DA:206,0
DA:207,0
DA:215,0
DA:219,0
DA:223,0
LF:81
LH:8
BRDA:54,0,0,0
BRDA:65,1,0,0
BRDA:72,2,0,0
BRDA:75,3,0,0
BRDA:75,3,1,0
BRDA:76,4,0,0
BRDA:76,4,1,0
BRDA:77,5,0,0
BRDA:77,5,1,0
BRDA:78,6,0,0
BRDA:78,6,1,0
BRDA:79,7,0,0
BRDA:79,7,1,0
BRDA:84,8,0,0
BRDA:84,8,1,0
BRDA:85,9,0,0
BRDA:85,9,1,0
BRDA:90,10,0,0
BRDA:90,10,1,0
BRDA:91,11,0,0
BRDA:91,11,1,0
BRDA:97,12,0,0
BRDA:97,12,1,0
BRDA:98,13,0,0
BRDA:98,13,1,0
BRDA:112,14,0,0
BRDA:112,14,1,0
BRDA:112,15,0,0
BRDA:112,15,1,0
BRDA:121,16,0,0
BRDA:121,16,1,0
BRDA:133,17,0,0
BRDA:133,17,1,0
BRDA:134,18,0,0
BRDA:134,18,1,0
BRDA:151,19,0,0
BRDA:158,20,0,0
BRDA:166,21,0,0
BRDA:173,22,0,0
BRDA:177,23,0,0
BRDA:179,24,0,0
BRDA:184,25,0,0
BRDA:192,26,0,0
BRDA:195,27,0,0
BRDA:195,28,0,0
BRDA:195,28,1,0
BRDA:203,29,0,0
BRDA:203,30,0,0
BRDA:203,30,1,0
BRDA:206,31,0,0
BRDA:215,32,0,0
BRDA:215,32,1,0
BRDA:215,33,0,0
BRDA:215,33,1,0
BRDA:219,34,0,0
BRDA:219,34,1,0
BRDA:219,35,0,0
BRDA:219,35,1,0
BRDA:233,36,0,0
BRDA:233,36,1,0
BRF:60
BRH:0
end_of_record
TN:
SF:src\schemas\alert.schema.ts
FNF:0
FNH:0
DA:1,1
DA:2,1
DA:5,1
DA:7,1
DA:10,1
DA:13,1
DA:16,1
DA:19,1
DA:22,1
DA:25,1
DA:28,1
DA:31,1
DA:35,1
DA:38,1
DA:41,1
LF:15
LH:15
BRF:0
BRH:0
end_of_record
TN:
SF:src\schemas\energy-consumption.schema.ts
FNF:0
FNH:0
DA:1,1
DA:2,1
DA:5,1
DA:7,1
DA:10,1
DA:13,1
DA:16,1
DA:19,1
DA:22,1
DA:25,1
DA:28,1
DA:31,1
DA:34,1
LF:13
LH:13
BRF:0
BRH:0
end_of_record
TN:
SF:src\schemas\equipment.schema.ts
FNF:0
FNH:0
DA:1,1
DA:2,1
DA:5,1
DA:7,1
DA:10,1
DA:13,1
DA:16,1
DA:19,1
DA:22,1
DA:25,1
DA:28,1
DA:31,1
DA:34,1
DA:37,1
LF:14
LH:14
BRF:0
BRH:0
end_of_record
TN:
SF:src\schemas\recommendation.schema.ts
FNF:0
FNH:0
DA:1,0
DA:2,0
DA:5,0
DA:7,0
DA:10,0
DA:13,0
DA:16,0
DA:29,0
DA:32,0
DA:35,0
DA:38,0
DA:41,0
DA:44,0
DA:47,0
DA:50,0
DA:53,0
DA:56,0
DA:59,0
DA:63,0
DA:66,0
DA:68,0
LF:21
LH:0
BRF:0
BRH:0
end_of_record
TN:
SF:src\schemas\usage-data.schema.ts
FNF:0
FNH:0
DA:1,0
DA:2,0
DA:5,0
DA:7,0
DA:10,0
DA:13,0
DA:16,0
DA:19,0
DA:22,0
DA:25,0
DA:28,0
DA:31,0
DA:34,0
DA:37,0
LF:14
LH:0
BRF:0
BRH:0
end_of_record
TN:
SF:src\schemas\worker.schema.ts
FNF:0
FNH:0
DA:1,1
DA:2,1
DA:5,1
DA:7,1
DA:10,1
DA:13,1
DA:16,1
DA:19,1
DA:22,1
DA:25,1
DA:28,1
DA:31,1
DA:34,1
LF:13
LH:13
BRF:0
BRH:0
end_of_record
