TN:
SF:src\app.module.ts
FNF:0
FNH:0
DA:1,0
DA:2,0
DA:3,0
DA:4,0
DA:5,0
DA:6,0
DA:22,0
LF:7
LH:0
BRDA:15,0,0,0
BRDA:15,0,1,0
BRF:2
BRH:0
end_of_record
TN:
SF:src\main.ts
FN:7,bootstrap
FNF:1
FNH:0
FNDA:0,bootstrap
DA:1,0
DA:2,0
DA:3,0
DA:4,0
DA:8,0
DA:10,0
DA:16,0
DA:25,0
DA:29,0
DA:30,0
DA:31,0
DA:34,0
LF:12
LH:0
BRDA:29,0,0,0
BRDA:29,0,1,0
BRF:2
BRH:0
end_of_record
TN:
SF:src\chat\chat.controller.ts
FN:11,(anonymous_4)
FN:15,(anonymous_5)
FNF:2
FNH:0
FNDA:0,(anonymous_4)
FNDA:0,(anonymous_5)
DA:1,0
DA:2,0
DA:10,0
DA:11,0
DA:15,0
DA:16,0
LF:6
LH:0
BRDA:16,0,0,0
BRDA:16,0,1,0
BRF:2
BRH:0
end_of_record
TN:
SF:src\chat\chat.module.ts
FNF:0
FNH:0
DA:1,0
DA:2,0
DA:3,0
DA:4,0
DA:12,0
LF:5
LH:0
BRF:0
BRH:0
end_of_record
TN:
SF:src\chat\chat.service.ts
FN:11,(anonymous_2)
FN:18,(anonymous_3)
FN:28,(anonymous_4)
FN:42,(anonymous_5)
FNF:4
FNH:4
FNDA:12,(anonymous_2)
FNDA:3,(anonymous_3)
FNDA:8,(anonymous_4)
FNDA:2,(anonymous_5)
DA:1,1
DA:2,1
DA:3,1
DA:6,1
DA:7,12
DA:9,12
DA:11,12
DA:12,12
DA:19,3
DA:20,3
DA:21,3
DA:22,1
DA:24,2
DA:32,8
DA:33,8
DA:35,8
DA:36,1
DA:39,7
DA:40,7
DA:42,2
DA:49,7
DA:56,5
DA:57,5
DA:59,2
DA:60,2
LF:25
LH:25
BRDA:13,0,0,12
BRDA:13,0,1,12
BRDA:19,1,0,3
BRDA:19,1,1,1
BRDA:20,2,0,3
BRDA:20,2,1,2
BRDA:21,3,0,1
BRDA:21,3,1,2
BRDA:30,4,0,6
BRDA:32,5,0,8
BRDA:32,5,1,1
BRDA:33,6,0,8
BRDA:33,6,1,1
BRDA:35,7,0,1
BRDA:56,8,0,5
BRDA:56,8,1,1
BRDA:59,9,0,2
BRDA:59,9,1,1
BRDA:60,10,0,2
BRDA:60,10,1,1
BRF:20
BRH:20
end_of_record
TN:
SF:src\dto\chat.dto.ts
FNF:0
FNH:0
DA:1,0
DA:11,0
DA:13,0
DA:15,0
DA:18,0
DA:21,0
DA:24,0
DA:27,0
DA:31,0
DA:34,0
DA:36,0
DA:39,0
DA:42,0
DA:45,0
DA:48,0
DA:53,0
DA:56,0
DA:58,0
DA:61,0
DA:64,0
DA:67,0
DA:70,0
DA:73,0
DA:75,0
DA:78,0
DA:81,0
DA:84,0
DA:87,0
DA:89,0
DA:92,0
DA:95,0
DA:98,0
DA:101,0
DA:103,0
DA:106,0
DA:110,0
DA:112,0
DA:115,0
DA:118,0
DA:121,0
DA:124,0
DA:128,0
DA:130,0
DA:133,0
DA:136,0
DA:139,0
DA:141,0
DA:144,0
LF:48
LH:0
BRF:0
BRH:0
end_of_record
TN:
SF:src\entities\chat-message.entity.ts
FN:4,(anonymous_2)
FNF:1
FNH:0
FNDA:0,(anonymous_2)
DA:1,0
DA:2,0
DA:4,0
DA:5,0
DA:6,0
DA:7,0
DA:8,0
DA:9,0
DA:10,0
DA:11,0
DA:12,0
DA:13,0
DA:14,0
DA:15,0
DA:16,0
DA:17,0
DA:18,0
DA:22,0
DA:24,0
DA:27,0
DA:30,0
DA:33,0
DA:36,0
DA:43,0
DA:46,0
DA:49,0
DA:52,0
DA:55,0
DA:58,0
DA:61,0
DA:64,0
DA:67,0
DA:70,0
DA:78,0
DA:79,0
LF:35
LH:0
BRDA:4,0,0,0
BRDA:4,0,1,0
BRF:2
BRH:0
end_of_record
TN:
SF:src\ml\ml.module.ts
FNF:0
FNH:0
DA:1,0
DA:2,0
DA:3,0
DA:4,0
DA:11,0
LF:5
LH:0
BRF:0
BRH:0
end_of_record
TN:
SF:src\ml\ml.service.ts
FN:34,(anonymous_2)
FN:36,(anonymous_3)
FN:67,(anonymous_4)
FN:82,(anonymous_5)
FNF:4
FNH:4
FNDA:13,(anonymous_2)
FNDA:11,(anonymous_3)
FNDA:3,(anonymous_4)
FNDA:9,(anonymous_5)
DA:1,2
DA:2,2
DA:3,2
DA:5,2
DA:31,2
DA:32,13
DA:34,13
DA:37,11
DA:38,11
DA:46,11
DA:48,11
DA:56,2
DA:57,2
DA:59,9
DA:63,9
DA:68,3
DA:69,3
DA:75,1
DA:77,2
DA:78,2
DA:84,9
DA:85,2
DA:86,7
DA:87,4
DA:89,3
DA:91,9
DA:95,9
DA:96,3
DA:97,3
DA:98,6
DA:99,4
DA:100,4
DA:102,2
DA:103,2
DA:105,9
LF:35
LH:35
BRDA:39,0,0,11
BRDA:39,0,1,1
BRDA:40,1,0,11
BRDA:40,1,1,1
BRDA:41,2,0,11
BRDA:41,2,1,1
BRDA:42,3,0,11
BRDA:42,3,1,10
BRDA:43,4,0,11
BRDA:43,4,1,1
BRDA:84,5,0,2
BRDA:84,5,1,7
BRDA:86,6,0,4
BRDA:86,6,1,3
BRDA:95,7,0,3
BRDA:95,7,1,6
BRDA:98,8,0,4
BRDA:98,8,1,2
BRF:18
BRH:18
end_of_record
TN:
SF:src\suppliers\suppliers.controller.ts
FN:26,createStorage
FN:28,(anonymous_5)
FN:35,(anonymous_6)
FN:44,(anonymous_7)
FN:74,(anonymous_8)
FN:89,(anonymous_9)
FN:94,(anonymous_10)
FN:99,(anonymous_11)
FN:134,(anonymous_12)
FN:139,(anonymous_13)
FN:147,(anonymous_14)
FN:179,(anonymous_15)
FN:195,(anonymous_16)
FN:200,(anonymous_17)
FN:205,(anonymous_18)
FN:210,(anonymous_19)
FN:217,(anonymous_20)
FN:222,(anonymous_21)
FN:229,(anonymous_22)
FN:59,(anonymous_23)
FN:164,(anonymous_24)
FNF:21
FNH:17
FNDA:2,createStorage
FNDA:0,(anonymous_5)
FNDA:0,(anonymous_6)
FNDA:20,(anonymous_7)
FNDA:2,(anonymous_8)
FNDA:1,(anonymous_9)
FNDA:1,(anonymous_10)
FNDA:3,(anonymous_11)
FNDA:1,(anonymous_12)
FNDA:1,(anonymous_13)
FNDA:1,(anonymous_14)
FNDA:2,(anonymous_15)
FNDA:1,(anonymous_16)
FNDA:1,(anonymous_17)
FNDA:1,(anonymous_18)
FNDA:1,(anonymous_19)
FNDA:1,(anonymous_20)
FNDA:1,(anonymous_21)
FNDA:1,(anonymous_22)
FNDA:0,(anonymous_23)
FNDA:0,(anonymous_24)
DA:1,1
DA:14,1
DA:15,1
DA:16,1
DA:17,1
DA:18,1
DA:19,1
DA:20,1
DA:21,1
DA:23,1
DA:24,1
DA:27,2
DA:29,0
DA:30,0
DA:31,0
DA:33,0
DA:36,0
DA:37,0
DA:43,1
DA:45,20
DA:46,20
DA:60,0
DA:61,0
DA:63,0
DA:74,1
DA:82,2
DA:83,2
DA:85,2
DA:89,1
DA:90,1
DA:94,1
DA:95,1
DA:99,1
DA:105,3
DA:106,3
DA:107,2
DA:114,2
DA:121,1
DA:134,1
DA:135,1
DA:139,1
DA:143,1
DA:147,1
DA:151,1
DA:165,0
DA:166,0
DA:168,0
DA:179,1
DA:188,2
DA:189,2
DA:191,2
DA:195,1
DA:196,1
DA:200,1
DA:201,1
DA:205,1
DA:206,1
DA:210,1
DA:211,1
DA:217,1
DA:218,1
DA:222,1
DA:223,1
DA:229,1
DA:239,1
LF:65
LH:53
BRDA:30,0,0,0
BRDA:109,1,0,1
BRDA:109,1,1,1
BRDA:110,2,0,1
BRDA:110,2,1,1
BRDA:111,3,0,1
BRDA:111,3,1,1
BRDA:112,4,0,2
BRDA:112,4,1,0
BRDA:117,5,0,2
BRDA:117,5,1,0
BRDA:60,6,0,0
BRDA:60,6,1,0
BRDA:165,7,0,0
BRDA:165,7,1,0
BRF:15
BRH:8
end_of_record
TN:
SF:src\suppliers\suppliers.module.ts
FNF:0
FNH:0
DA:1,0
DA:2,0
DA:3,0
DA:4,0
DA:6,0
DA:7,0
DA:8,0
DA:9,0
DA:11,0
DA:12,0
DA:28,0
LF:11
LH:0
BRF:0
BRH:0
end_of_record
TN:
SF:src\suppliers\suppliers.seed.ts
FN:10,(anonymous_4)
FN:14,(anonymous_5)
FNF:2
FNH:0
FNDA:0,(anonymous_4)
FNDA:0,(anonymous_5)
DA:1,0
DA:2,0
DA:3,0
DA:4,0
DA:7,0
DA:8,0
DA:11,0
DA:15,0
DA:16,0
DA:17,0
DA:18,0
DA:21,0
DA:128,0
DA:129,0
DA:130,0
DA:132,0
LF:16
LH:0
BRDA:16,0,0,0
BRF:1
BRH:0
end_of_record
TN:
SF:src\suppliers\suppliers.service.ts
FN:22,(anonymous_4)
FN:31,(anonymous_5)
FN:50,(anonymous_6)
FN:89,(anonymous_7)
FN:93,(anonymous_8)
FN:106,(anonymous_9)
FN:113,(anonymous_10)
FN:127,(anonymous_11)
FN:147,(anonymous_12)
FN:167,(anonymous_13)
FN:171,(anonymous_14)
FN:208,(anonymous_15)
FN:215,(anonymous_16)
FN:222,(anonymous_17)
FN:228,(anonymous_18)
FN:232,(anonymous_19)
FN:280,(anonymous_20)
FN:284,(anonymous_21)
FN:319,(anonymous_22)
FN:345,(anonymous_23)
FNF:20
FNH:15
FNDA:25,(anonymous_4)
FNDA:2,(anonymous_5)
FNDA:4,(anonymous_6)
FNDA:1,(anonymous_7)
FNDA:1,(anonymous_8)
FNDA:1,(anonymous_9)
FNDA:2,(anonymous_10)
FNDA:2,(anonymous_11)
FNDA:2,(anonymous_12)
FNDA:1,(anonymous_13)
FNDA:0,(anonymous_14)
FNDA:2,(anonymous_15)
FNDA:1,(anonymous_16)
FNDA:0,(anonymous_17)
FNDA:3,(anonymous_18)
FNDA:4,(anonymous_19)
FNDA:0,(anonymous_20)
FNDA:4,(anonymous_21)
FNDA:0,(anonymous_22)
FNDA:0,(anonymous_23)
DA:1,2
DA:2,2
DA:3,2
DA:4,2
DA:5,2
DA:6,2
DA:7,2
DA:10,2
DA:11,2
DA:13,2
DA:21,2
DA:24,25
DA:26,25
DA:27,25
DA:32,2
DA:33,2
DA:35,2
DA:40,2
DA:41,2
DA:42,0
DA:43,0
DA:44,0
DA:47,2
DA:55,4
DA:56,1
DA:60,3
DA:61,1
DA:66,2
DA:68,2
DA:77,2
DA:78,2
DA:80,1
DA:81,1
DA:83,0
DA:86,1
DA:90,1
DA:92,1
DA:94,1
DA:95,1
DA:103,1
DA:107,1
DA:114,2
DA:115,2
DA:117,1
DA:119,1
DA:132,2
DA:133,2
DA:135,1
DA:136,1
DA:137,1
DA:138,1
DA:139,1
DA:144,1
DA:152,2
DA:153,2
DA:155,1
DA:156,1
DA:157,1
DA:158,1
DA:159,1
DA:164,1
DA:168,1
DA:177,0
DA:178,0
DA:181,0
DA:182,0
DA:183,0
DA:184,0
DA:185,0
DA:186,0
DA:189,0
DA:190,0
DA:192,0
DA:193,0
DA:197,0
DA:198,0
DA:199,0
DA:200,0
DA:203,0
DA:205,0
DA:209,2
DA:210,2
DA:211,1
DA:212,1
DA:216,1
DA:217,1
DA:218,1
DA:219,1
DA:223,0
DA:229,3
DA:240,4
DA:241,4
DA:244,4
DA:245,4
DA:247,4
DA:253,4
DA:254,1
DA:257,3
DA:259,3
DA:260,6
DA:261,1
DA:263,5
DA:264,1
DA:268,1
DA:277,1
DA:281,0
DA:285,4
DA:287,4
DA:288,3
DA:291,1
DA:292,1
DA:294,1
DA:295,2
DA:296,4
DA:297,2
DA:299,4
DA:300,4
DA:301,4
DA:305,1
DA:306,1
DA:307,2
DA:310,1
DA:320,0
DA:322,0
DA:325,0
DA:328,0
DA:329,0
DA:341,0
DA:349,0
DA:351,0
DA:355,0
DA:359,0
DA:371,0
LF:133
LH:98
BRDA:41,0,0,0
BRDA:55,1,0,1
BRDA:60,2,0,1
BRDA:80,3,0,1
BRDA:115,4,0,1
BRDA:133,5,0,1
BRDA:138,6,0,1
BRDA:138,6,1,0
BRDA:153,7,0,1
BRDA:158,8,0,1
BRDA:158,8,1,0
BRDA:178,9,0,0
BRDA:181,10,0,0
BRDA:182,11,0,0
BRDA:183,12,0,0
BRDA:184,13,0,0
BRDA:185,14,0,0
BRDA:186,15,0,0
BRDA:189,16,0,0
BRDA:192,17,0,0
BRDA:197,18,0,0
BRDA:210,19,0,1
BRDA:217,20,0,0
BRDA:229,21,0,3
BRDA:229,21,1,1
BRDA:241,22,0,0
BRDA:253,23,0,1
BRDA:257,24,0,3
BRDA:257,24,1,0
BRDA:260,25,0,1
BRDA:263,26,0,1
BRDA:263,27,0,5
BRDA:263,27,1,5
BRDA:287,28,0,3
BRDA:296,29,0,2
BRDA:325,30,0,0
BRDA:325,30,1,0
BRDA:351,31,0,0
BRDA:351,31,1,0
BRDA:355,32,0,0
BRDA:355,32,1,0
BRDA:363,33,0,0
BRDA:363,33,1,0
BRDA:365,34,0,0
BRDA:365,34,1,0
BRF:45
BRH:19
end_of_record
TN:
SF:src\suppliers\dto\create-supplier.dto.ts
FNF:0
FNH:0
DA:1,1
DA:17,1
DA:19,1
DA:25,1
DA:28,1
DA:31,1
DA:35,1
DA:40,1
DA:44,1
DA:47,1
DA:50,1
DA:55,1
DA:59,1
DA:63,1
DA:67,1
DA:72,1
DA:77,1
DA:83,1
DA:87,1
DA:91,1
DA:94,1
DA:101,1
LF:22
LH:22
BRF:0
BRH:0
end_of_record
TN:
SF:src\suppliers\dto\update-supplier.dto.ts
FNF:0
FNH:0
DA:1,1
DA:2,1
DA:4,1
LF:3
LH:3
BRF:0
BRH:0
end_of_record
TN:
SF:src\suppliers\entities\supplier-rating.entity.ts
FNF:0
FNH:0
DA:1,2
DA:2,2
DA:7,2
DA:9,2
DA:12,2
DA:15,2
DA:18,2
DA:21,2
DA:24,2
DA:27,2
LF:10
LH:10
BRF:0
BRH:0
end_of_record
TN:
SF:src\suppliers\entities\supplier.entity.ts
FN:6,(anonymous_2)
FN:17,(anonymous_3)
FNF:2
FNH:2
FNDA:2,(anonymous_2)
FNDA:2,(anonymous_3)
DA:1,2
DA:2,2
DA:6,2
DA:7,2
DA:8,2
DA:9,2
DA:10,2
DA:11,2
DA:12,2
DA:13,2
DA:14,2
DA:17,2
DA:18,2
DA:19,2
DA:20,2
DA:24,2
DA:26,2
DA:29,2
DA:32,2
DA:35,2
DA:38,2
DA:41,2
DA:44,2
DA:47,2
DA:50,2
DA:57,2
DA:60,2
DA:63,2
DA:66,2
DA:69,2
DA:72,2
DA:75,2
DA:78,2
LF:33
LH:33
BRDA:6,0,0,2
BRDA:6,0,1,2
BRDA:17,1,0,2
BRDA:17,1,1,2
BRF:4
BRH:4
end_of_record
